2020-04-13 17:43:15,759 INFO o.a.j.u.JMeterUtils: Setting Locale to es_ES
2020-04-13 17:43:15,772 INFO o.a.j.u.JMeterUtils: Could not find resources for 'es_ES', using 'es'
2020-04-13 17:43:15,772 INFO o.a.j.JMeter: Loading user properties from: /home/lletfrix/apache-jmeter-5.2.1/bin/user.properties
2020-04-13 17:43:15,773 INFO o.a.j.JMeter: Loading system properties from: /home/lletfrix/apache-jmeter-5.2.1/bin/system.properties
2020-04-13 17:43:15,774 INFO o.a.j.JMeter: Copyright (c) 1998-2019 The Apache Software Foundation
2020-04-13 17:43:15,774 INFO o.a.j.JMeter: Version 5.2.1
2020-04-13 17:43:15,774 INFO o.a.j.JMeter: java.version=1.8.0_242
2020-04-13 17:43:15,774 INFO o.a.j.JMeter: java.vm.name=OpenJDK 64-Bit Server VM
2020-04-13 17:43:15,774 INFO o.a.j.JMeter: os.name=Linux
2020-04-13 17:43:15,774 INFO o.a.j.JMeter: os.arch=amd64
2020-04-13 17:43:15,774 INFO o.a.j.JMeter: os.version=5.0.0-37-generic
2020-04-13 17:43:15,774 INFO o.a.j.JMeter: file.encoding=UTF-8
2020-04-13 17:43:15,774 INFO o.a.j.JMeter: java.awt.headless=null
2020-04-13 17:43:15,774 INFO o.a.j.JMeter: Max memory     =3715629056
2020-04-13 17:43:15,774 INFO o.a.j.JMeter: Available Processors =8
2020-04-13 17:43:15,780 INFO o.a.j.JMeter: Default Locale=espa単ol (Espa単a)
2020-04-13 17:43:15,780 INFO o.a.j.JMeter: JMeter  Locale=espa単ol (Espa単a)
2020-04-13 17:43:15,780 INFO o.a.j.JMeter: JMeterHome=/home/lletfrix/apache-jmeter-5.2.1
2020-04-13 17:43:15,780 INFO o.a.j.JMeter: user.dir  =/home/lletfrix/Documentos/SI2_2019_2020
2020-04-13 17:43:15,780 INFO o.a.j.JMeter: PWD       =/home/lletfrix/Documentos/SI2_2019_2020
2020-04-13 17:43:15,780 INFO o.a.j.JMeter: IP: 127.0.1.1 Name: ps42 FullName: ps42
2020-04-13 17:43:16,032 INFO o.a.j.g.a.LookAndFeelCommand: Installing Darcula LAF
2020-04-13 17:43:16,066 INFO o.a.j.g.a.LookAndFeelCommand: Using look and feel: com.bulenkov.darcula.DarculaLaf [Darcula]
2020-04-13 17:43:16,066 INFO o.a.j.JMeter: Setting LAF to: com.bulenkov.darcula.DarculaLaf
2020-04-13 17:43:16,110 INFO o.a.j.JMeter: Loaded icon properties from org/apache/jmeter/images/icon.properties
2020-04-13 17:43:17,479 INFO o.a.j.p.h.s.HTTPSamplerBase: Parser for text/html is org.apache.jmeter.protocol.http.parser.LagartoBasedHtmlParser
2020-04-13 17:43:17,479 INFO o.a.j.p.h.s.HTTPSamplerBase: Parser for application/xhtml+xml is org.apache.jmeter.protocol.http.parser.LagartoBasedHtmlParser
2020-04-13 17:43:17,479 INFO o.a.j.p.h.s.HTTPSamplerBase: Parser for application/xml is org.apache.jmeter.protocol.http.parser.LagartoBasedHtmlParser
2020-04-13 17:43:17,479 INFO o.a.j.p.h.s.HTTPSamplerBase: Parser for text/xml is org.apache.jmeter.protocol.http.parser.LagartoBasedHtmlParser
2020-04-13 17:43:17,479 INFO o.a.j.p.h.s.HTTPSamplerBase: Parser for text/vnd.wap.wml is org.apache.jmeter.protocol.http.parser.RegexpHTMLParser
2020-04-13 17:43:17,479 INFO o.a.j.p.h.s.HTTPSamplerBase: Parser for text/css is org.apache.jmeter.protocol.http.parser.CssParser
2020-04-13 17:43:17,725 INFO o.a.j.e.KeyToolUtils: keytool found at 'keytool'
2020-04-13 17:43:17,726 INFO o.a.j.p.h.p.ProxyControl: HTTP(S) Test Script Recorder SSL Proxy will use keys that support embedded 3rd party resources in file /home/lletfrix/apache-jmeter-5.2.1/bin/proxyserver.jks
2020-04-13 17:43:17,818 INFO o.a.j.s.FileServer: Default base='/home/lletfrix/Documentos/SI2_2019_2020'
2020-04-13 17:43:18,052 INFO o.a.j.s.SampleResult: Note: Sample TimeStamps are START times
2020-04-13 17:43:18,052 INFO o.a.j.s.SampleResult: sampleresult.default.encoding is set to ISO-8859-1
2020-04-13 17:43:18,052 INFO o.a.j.s.SampleResult: sampleresult.useNanoTime=true
2020-04-13 17:43:18,052 INFO o.a.j.s.SampleResult: sampleresult.nanoThreadSleep=5000
2020-04-13 17:43:18,069 INFO o.a.j.v.ViewResultsFullVisualizer: Add JavaFX to your Java installation if you want to use renderer: org.apache.jmeter.visualizers.RenderInBrowser
2020-04-13 17:43:43,050 INFO o.a.j.g.a.Load: Loading file: /home/lletfrix/Documentos/SI2_2019_2020/2p/P2.jmx
2020-04-13 17:43:43,050 INFO o.a.j.s.FileServer: Set new base='/home/lletfrix/Documentos/SI2_2019_2020/2p'
2020-04-13 17:43:43,156 INFO o.a.j.s.SaveService: Testplan (JMX) version: 2.2. Testlog (JTL) version: 2.2
2020-04-13 17:43:43,160 INFO o.a.j.s.SaveService: Using SaveService properties file encoding UTF-8
2020-04-13 17:43:43,162 INFO o.a.j.s.SaveService: Using SaveService properties version 5.0
2020-04-13 17:43:43,165 INFO o.a.j.s.SaveService: Loading file: /home/lletfrix/Documentos/SI2_2019_2020/2p/P2.jmx
2020-04-13 17:43:43,296 INFO o.a.j.v.ViewResultsFullVisualizer: Add JavaFX to your Java installation if you want to use renderer: org.apache.jmeter.visualizers.RenderInBrowser
2020-04-13 17:43:43,324 INFO o.a.j.s.FileServer: Set new base='/home/lletfrix/Documentos/SI2_2019_2020/2p'
2020-04-13 17:44:13,902 INFO o.a.j.e.StandardJMeterEngine: Running the test!
2020-04-13 17:44:13,904 INFO o.a.j.s.SampleEvent: List of sample_variables: []
2020-04-13 17:44:13,904 INFO o.a.j.s.SampleEvent: List of sample_variables: []
2020-04-13 17:44:13,906 INFO o.a.j.e.u.CompoundVariable: Note: Function class names must contain the string: '.functions.'
2020-04-13 17:44:13,906 INFO o.a.j.e.u.CompoundVariable: Note: Function class names must not contain the string: '.gui.'
2020-04-13 17:44:14,104 INFO o.a.j.g.u.JMeterMenuBar: setRunning(true, *local*)
2020-04-13 17:44:14,239 INFO o.a.j.e.StandardJMeterEngine: Starting ThreadGroup: 1 : P1-base
2020-04-13 17:44:14,239 INFO o.a.j.e.StandardJMeterEngine: Starting 1 threads for group P1-base.
2020-04-13 17:44:14,239 INFO o.a.j.e.StandardJMeterEngine: Thread will continue on error
2020-04-13 17:44:14,240 INFO o.a.j.t.ThreadGroup: Starting thread group... number=1 threads=1 ramp-up=5 delayedStart=false
2020-04-13 17:44:14,249 INFO o.a.j.t.ThreadGroup: Started thread group number 1
2020-04-13 17:44:14,249 INFO o.a.j.e.StandardJMeterEngine: Waiting for thread group: P1-base to finish before starting next group
2020-04-13 17:44:14,252 INFO o.a.j.t.JMeterThread: Thread started: P1-base 1-1
2020-04-13 17:44:14,254 INFO o.a.j.s.FileServer: Stored: datagen/listado.csv
2020-04-13 17:44:14,260 INFO o.a.j.p.h.s.HTTPJavaImpl: Maximum connection retries = 0
2020-04-13 17:44:22,016 INFO o.a.j.t.JMeterThread: Thread is done: P1-base 1-1
2020-04-13 17:44:22,017 INFO o.a.j.t.JMeterThread: Thread finished: P1-base 1-1
2020-04-13 17:44:22,017 INFO o.a.j.e.StandardJMeterEngine: Starting ThreadGroup: 2 : P1-ws
2020-04-13 17:44:22,017 INFO o.a.j.e.StandardJMeterEngine: Starting 1 threads for group P1-ws.
2020-04-13 17:44:22,017 INFO o.a.j.e.StandardJMeterEngine: Thread will continue on error
2020-04-13 17:44:22,017 INFO o.a.j.t.ThreadGroup: Starting thread group... number=2 threads=1 ramp-up=5 delayedStart=false
2020-04-13 17:44:22,018 INFO o.a.j.t.ThreadGroup: Started thread group number 2
2020-04-13 17:44:22,018 INFO o.a.j.e.StandardJMeterEngine: Waiting for thread group: P1-ws to finish before starting next group
2020-04-13 17:44:22,018 INFO o.a.j.t.JMeterThread: Thread started: P1-ws 2-1
2020-04-13 17:44:28,549 INFO o.a.j.t.JMeterThread: Thread is done: P1-ws 2-1
2020-04-13 17:44:28,549 INFO o.a.j.t.JMeterThread: Thread finished: P1-ws 2-1
2020-04-13 17:44:28,549 INFO o.a.j.e.StandardJMeterEngine: Starting ThreadGroup: 3 : P1-ejb
2020-04-13 17:44:28,549 INFO o.a.j.e.StandardJMeterEngine: Starting 1 threads for group P1-ejb.
2020-04-13 17:44:28,549 INFO o.a.j.e.StandardJMeterEngine: Thread will continue on error
2020-04-13 17:44:28,549 INFO o.a.j.t.ThreadGroup: Starting thread group... number=3 threads=1 ramp-up=5 delayedStart=false
2020-04-13 17:44:28,550 INFO o.a.j.t.ThreadGroup: Started thread group number 3
2020-04-13 17:44:28,550 INFO o.a.j.e.StandardJMeterEngine: All thread groups have been started
2020-04-13 17:44:28,550 INFO o.a.j.t.JMeterThread: Thread started: P1-ejb 3-1
2020-04-13 17:45:31,445 ERROR o.a.j.p.h.s.HTTPJavaImpl: readResponse: java.io.IOException: Server returned HTTP response code: 500 for URL: http://10.1.7.2:8080/P1-ejb-cliente-remoto/procesapago
2020-04-13 17:45:31,445 ERROR o.a.j.p.h.s.HTTPJavaImpl: Cause: java.io.IOException: Server returned HTTP response code: 500 for URL: http://10.1.7.2:8080/P1-ejb-cliente-remoto/procesapago
2020-04-13 17:45:31,445 INFO o.a.j.p.h.s.HTTPJavaImpl: Error Response Code: 500
2020-04-13 17:45:41,079 INFO o.a.j.g.a.Start: Shutting test down
2020-04-13 17:45:41,103 INFO o.a.j.t.JMeterThread: Stopping: P1-ejb 3-1
2020-04-13 17:46:06,661 ERROR o.a.j.p.h.s.HTTPJavaImpl: readResponse: java.io.IOException: Server returned HTTP response code: 500 for URL: http://10.1.7.2:8080/P1-ejb-cliente-remoto/procesapago
2020-04-13 17:46:06,661 ERROR o.a.j.p.h.s.HTTPJavaImpl: Cause: java.io.IOException: Server returned HTTP response code: 500 for URL: http://10.1.7.2:8080/P1-ejb-cliente-remoto/procesapago
2020-04-13 17:46:06,661 INFO o.a.j.p.h.s.HTTPJavaImpl: Error Response Code: 500
2020-04-13 17:46:06,661 INFO o.a.j.t.JMeterThread: Thread finished: P1-ejb 3-1
2020-04-13 17:46:06,661 INFO o.a.j.e.StandardJMeterEngine: Notifying test listeners of end of test
2020-04-13 17:46:06,662 INFO o.a.j.s.FileServer: Close: datagen/listado.csv
2020-04-13 17:46:06,662 INFO o.a.j.g.u.JMeterMenuBar: setRunning(false, *local*)
2020-04-13 17:47:14,334 INFO o.a.j.e.StandardJMeterEngine: Running the test!
2020-04-13 17:47:14,335 INFO o.a.j.s.SampleEvent: List of sample_variables: []
2020-04-13 17:47:14,338 INFO o.a.j.g.u.JMeterMenuBar: setRunning(true, *local*)
2020-04-13 17:47:14,522 INFO o.a.j.e.StandardJMeterEngine: Starting ThreadGroup: 1 : P1-base
2020-04-13 17:47:14,522 INFO o.a.j.e.StandardJMeterEngine: Starting 1 threads for group P1-base.
2020-04-13 17:47:14,522 INFO o.a.j.e.StandardJMeterEngine: Thread will continue on error
2020-04-13 17:47:14,522 INFO o.a.j.t.ThreadGroup: Starting thread group... number=1 threads=1 ramp-up=5 delayedStart=false
2020-04-13 17:47:14,523 INFO o.a.j.t.ThreadGroup: Started thread group number 1
2020-04-13 17:47:14,523 INFO o.a.j.e.StandardJMeterEngine: Waiting for thread group: P1-base to finish before starting next group
2020-04-13 17:47:14,523 INFO o.a.j.t.JMeterThread: Thread started: P1-base 1-1
2020-04-13 17:47:14,524 INFO o.a.j.s.FileServer: Stored: datagen/listado.csv
2020-04-13 17:47:20,537 INFO o.a.j.t.JMeterThread: Thread is done: P1-base 1-1
2020-04-13 17:47:20,537 INFO o.a.j.t.JMeterThread: Thread finished: P1-base 1-1
2020-04-13 17:47:20,538 INFO o.a.j.e.StandardJMeterEngine: Starting ThreadGroup: 2 : P1-ws
2020-04-13 17:47:20,538 INFO o.a.j.e.StandardJMeterEngine: Starting 1 threads for group P1-ws.
2020-04-13 17:47:20,538 INFO o.a.j.e.StandardJMeterEngine: Thread will continue on error
2020-04-13 17:47:20,538 INFO o.a.j.t.ThreadGroup: Starting thread group... number=2 threads=1 ramp-up=5 delayedStart=false
2020-04-13 17:47:20,539 INFO o.a.j.t.ThreadGroup: Started thread group number 2
2020-04-13 17:47:20,539 INFO o.a.j.e.StandardJMeterEngine: Waiting for thread group: P1-ws to finish before starting next group
2020-04-13 17:47:20,539 INFO o.a.j.t.JMeterThread: Thread started: P1-ws 2-1
2020-04-13 17:47:53,737 INFO o.a.j.t.JMeterThread: Thread is done: P1-ws 2-1
2020-04-13 17:47:53,737 INFO o.a.j.t.JMeterThread: Thread finished: P1-ws 2-1
2020-04-13 17:47:53,737 INFO o.a.j.e.StandardJMeterEngine: Starting ThreadGroup: 3 : P1-ejb
2020-04-13 17:47:53,737 INFO o.a.j.e.StandardJMeterEngine: Starting 1 threads for group P1-ejb.
2020-04-13 17:47:53,737 INFO o.a.j.e.StandardJMeterEngine: Thread will continue on error
2020-04-13 17:47:53,737 INFO o.a.j.t.ThreadGroup: Starting thread group... number=3 threads=1 ramp-up=5 delayedStart=false
2020-04-13 17:47:53,738 INFO o.a.j.t.ThreadGroup: Started thread group number 3
2020-04-13 17:47:53,738 INFO o.a.j.e.StandardJMeterEngine: All thread groups have been started
2020-04-13 17:47:53,738 INFO o.a.j.t.JMeterThread: Thread started: P1-ejb 3-1
2020-04-13 17:48:05,431 INFO o.a.j.t.JMeterThread: Thread is done: P1-ejb 3-1
2020-04-13 17:48:05,431 INFO o.a.j.t.JMeterThread: Thread finished: P1-ejb 3-1
2020-04-13 17:48:05,431 INFO o.a.j.e.StandardJMeterEngine: Notifying test listeners of end of test
2020-04-13 17:48:05,431 INFO o.a.j.s.FileServer: Close: datagen/listado.csv
2020-04-13 17:48:05,431 INFO o.a.j.g.u.JMeterMenuBar: setRunning(false, *local*)
2020-04-13 17:49:09,932 INFO o.a.j.e.StandardJMeterEngine: Running the test!
2020-04-13 17:49:09,933 INFO o.a.j.s.SampleEvent: List of sample_variables: []
2020-04-13 17:49:09,935 INFO o.a.j.g.u.JMeterMenuBar: setRunning(true, *local*)
2020-04-13 17:49:10,085 INFO o.a.j.e.StandardJMeterEngine: Starting ThreadGroup: 1 : P1-base
2020-04-13 17:49:10,085 INFO o.a.j.e.StandardJMeterEngine: Starting 1 threads for group P1-base.
2020-04-13 17:49:10,085 INFO o.a.j.e.StandardJMeterEngine: Thread will continue on error
2020-04-13 17:49:10,085 INFO o.a.j.t.ThreadGroup: Starting thread group... number=1 threads=1 ramp-up=5 delayedStart=false
2020-04-13 17:49:10,086 INFO o.a.j.t.ThreadGroup: Started thread group number 1
2020-04-13 17:49:10,086 INFO o.a.j.e.StandardJMeterEngine: Waiting for thread group: P1-base to finish before starting next group
2020-04-13 17:49:10,086 INFO o.a.j.t.JMeterThread: Thread started: P1-base 1-1
2020-04-13 17:49:10,086 INFO o.a.j.s.FileServer: Stored: datagen/listado.csv
2020-04-13 17:49:19,206 INFO o.a.j.t.JMeterThread: Thread is done: P1-base 1-1
2020-04-13 17:49:19,206 INFO o.a.j.t.JMeterThread: Thread finished: P1-base 1-1
2020-04-13 17:49:19,206 INFO o.a.j.e.StandardJMeterEngine: Starting ThreadGroup: 2 : P1-ws
2020-04-13 17:49:19,206 INFO o.a.j.e.StandardJMeterEngine: Starting 1 threads for group P1-ws.
2020-04-13 17:49:19,206 INFO o.a.j.e.StandardJMeterEngine: Thread will continue on error
2020-04-13 17:49:19,206 INFO o.a.j.t.ThreadGroup: Starting thread group... number=2 threads=1 ramp-up=5 delayedStart=false
2020-04-13 17:49:19,207 INFO o.a.j.t.ThreadGroup: Started thread group number 2
2020-04-13 17:49:19,207 INFO o.a.j.e.StandardJMeterEngine: Waiting for thread group: P1-ws to finish before starting next group
2020-04-13 17:49:19,207 INFO o.a.j.t.JMeterThread: Thread started: P1-ws 2-1
2020-04-13 17:49:54,778 INFO o.a.j.t.JMeterThread: Thread is done: P1-ws 2-1
2020-04-13 17:49:54,778 INFO o.a.j.t.JMeterThread: Thread finished: P1-ws 2-1
2020-04-13 17:49:54,779 INFO o.a.j.e.StandardJMeterEngine: Starting ThreadGroup: 3 : P1-ejb
2020-04-13 17:49:54,779 INFO o.a.j.e.StandardJMeterEngine: Starting 1 threads for group P1-ejb.
2020-04-13 17:49:54,779 INFO o.a.j.e.StandardJMeterEngine: Thread will continue on error
2020-04-13 17:49:54,779 INFO o.a.j.t.ThreadGroup: Starting thread group... number=3 threads=1 ramp-up=5 delayedStart=false
2020-04-13 17:49:54,779 INFO o.a.j.t.ThreadGroup: Started thread group number 3
2020-04-13 17:49:54,779 INFO o.a.j.e.StandardJMeterEngine: All thread groups have been started
2020-04-13 17:49:54,779 INFO o.a.j.t.JMeterThread: Thread started: P1-ejb 3-1
2020-04-13 17:50:13,406 INFO o.a.j.t.JMeterThread: Thread is done: P1-ejb 3-1
2020-04-13 17:50:13,406 INFO o.a.j.t.JMeterThread: Thread finished: P1-ejb 3-1
2020-04-13 17:50:13,407 INFO o.a.j.e.StandardJMeterEngine: Notifying test listeners of end of test
2020-04-13 17:50:13,407 INFO o.a.j.s.FileServer: Close: datagen/listado.csv
2020-04-13 17:50:13,407 INFO o.a.j.g.u.JMeterMenuBar: setRunning(false, *local*)
