\BOOKMARK [0][-]{chapter.1}{\376\377\0001\000\040\000F\000i\000l\000e\000\040\000I\000n\000d\000e\000x}{}% 1
\BOOKMARK [1][-]{section.1.1}{\376\377\0001\000.\0001\000\040\000F\000i\000l\000e\000\040\000L\000i\000s\000t}{chapter.1}% 2
\BOOKMARK [0][-]{chapter.2}{\376\377\0002\000\040\000F\000i\000l\000e\000\040\000D\000o\000c\000u\000m\000e\000n\000t\000a\000t\000i\000o\000n}{}% 3
\BOOKMARK [1][-]{section.2.1}{\376\377\0002\000.\0001\000\040\000e\000j\000e\000r\000c\000i\000c\000i\000o\0002\000.\000c\000\040\000F\000i\000l\000e\000\040\000R\000e\000f\000e\000r\000e\000n\000c\000e}{chapter.2}% 4
\BOOKMARK [2][-]{subsection.2.1.1}{\376\377\0002\000.\0001\000.\0001\000\040\000D\000e\000t\000a\000i\000l\000e\000d\000\040\000D\000e\000s\000c\000r\000i\000p\000t\000i\000o\000n}{section.2.1}% 5
\BOOKMARK [2][-]{subsection.2.1.2}{\376\377\0002\000.\0001\000.\0002\000\040\000M\000a\000c\000r\000o\000\040\000D\000e\000f\000i\000n\000i\000t\000i\000o\000n\000\040\000D\000o\000c\000u\000m\000e\000n\000t\000a\000t\000i\000o\000n}{section.2.1}% 6
\BOOKMARK [3][-]{subsubsection.2.1.2.1}{\376\377\0002\000.\0001\000.\0002\000.\0001\000\040\000N\000C\000H\000I\000L\000D\000S}{subsection.2.1.2}% 7
\BOOKMARK [1][-]{section.2.2}{\376\377\0002\000.\0002\000\040\000e\000j\000e\000r\000c\000i\000c\000i\000o\0004\000.\000c\000\040\000F\000i\000l\000e\000\040\000R\000e\000f\000e\000r\000e\000n\000c\000e}{chapter.2}% 8
\BOOKMARK [2][-]{subsection.2.2.1}{\376\377\0002\000.\0002\000.\0001\000\040\000D\000e\000t\000a\000i\000l\000e\000d\000\040\000D\000e\000s\000c\000r\000i\000p\000t\000i\000o\000n}{section.2.2}% 9
\BOOKMARK [2][-]{subsection.2.2.2}{\376\377\0002\000.\0002\000.\0002\000\040\000M\000a\000c\000r\000o\000\040\000D\000e\000f\000i\000n\000i\000t\000i\000o\000n\000\040\000D\000o\000c\000u\000m\000e\000n\000t\000a\000t\000i\000o\000n}{section.2.2}% 10
\BOOKMARK [3][-]{subsubsection.2.2.2.1}{\376\377\0002\000.\0002\000.\0002\000.\0001\000\040\000N\000P\000R\000I\000N\000T}{subsection.2.2.2}% 11
\BOOKMARK [2][-]{subsection.2.2.3}{\376\377\0002\000.\0002\000.\0003\000\040\000F\000u\000n\000c\000t\000i\000o\000n\000\040\000D\000o\000c\000u\000m\000e\000n\000t\000a\000t\000i\000o\000n}{section.2.2}% 12
\BOOKMARK [3][-]{subsubsection.2.2.3.1}{\376\377\0002\000.\0002\000.\0003\000.\0001\000\040\000h\000a\000n\000d\000l\000e\000r\000S\000I\000G\000U\000S\000R\0001\000\050\000i\000n\000t\000\040\000s\000i\000g\000\051}{subsection.2.2.3}% 13
\BOOKMARK [3][-]{subsubsection.2.2.3.2}{\376\377\0002\000.\0002\000.\0003\000.\0002\000\040\000i\000s\000v\000a\000l\000i\000d\000i\000n\000t\000e\000g\000e\000r\000\050\000c\000h\000a\000r\000\040\000*\000i\000n\000p\000u\000t\000\051}{subsection.2.2.3}% 14
\BOOKMARK [1][-]{section.2.3}{\376\377\0002\000.\0003\000\040\000e\000j\000e\000r\000c\000i\000c\000i\000o\0006\000a\000.\000c\000\040\000F\000i\000l\000e\000\040\000R\000e\000f\000e\000r\000e\000n\000c\000e}{chapter.2}% 15
\BOOKMARK [2][-]{subsection.2.3.1}{\376\377\0002\000.\0003\000.\0001\000\040\000D\000e\000t\000a\000i\000l\000e\000d\000\040\000D\000e\000s\000c\000r\000i\000p\000t\000i\000o\000n}{section.2.3}% 16
\BOOKMARK [2][-]{subsection.2.3.2}{\376\377\0002\000.\0003\000.\0002\000\040\000M\000a\000c\000r\000o\000\040\000D\000e\000f\000i\000n\000i\000t\000i\000o\000n\000\040\000D\000o\000c\000u\000m\000e\000n\000t\000a\000t\000i\000o\000n}{section.2.3}% 17
\BOOKMARK [3][-]{subsubsection.2.3.2.1}{\376\377\0002\000.\0003\000.\0002\000.\0001\000\040\000N\000U\000M}{subsection.2.3.2}% 18
\BOOKMARK [1][-]{section.2.4}{\376\377\0002\000.\0004\000\040\000e\000j\000e\000r\000c\000i\000c\000i\000o\0006\000b\000.\000c\000\040\000F\000i\000l\000e\000\040\000R\000e\000f\000e\000r\000e\000n\000c\000e}{chapter.2}% 19
\BOOKMARK [2][-]{subsection.2.4.1}{\376\377\0002\000.\0004\000.\0001\000\040\000D\000e\000t\000a\000i\000l\000e\000d\000\040\000D\000e\000s\000c\000r\000i\000p\000t\000i\000o\000n}{section.2.4}% 20
\BOOKMARK [2][-]{subsection.2.4.2}{\376\377\0002\000.\0004\000.\0002\000\040\000M\000a\000c\000r\000o\000\040\000D\000e\000f\000i\000n\000i\000t\000i\000o\000n\000\040\000D\000o\000c\000u\000m\000e\000n\000t\000a\000t\000i\000o\000n}{section.2.4}% 21
\BOOKMARK [3][-]{subsubsection.2.4.2.1}{\376\377\0002\000.\0004\000.\0002\000.\0001\000\040\000N\000U\000M}{subsection.2.4.2}% 22
\BOOKMARK [2][-]{subsection.2.4.3}{\376\377\0002\000.\0004\000.\0003\000\040\000F\000u\000n\000c\000t\000i\000o\000n\000\040\000D\000o\000c\000u\000m\000e\000n\000t\000a\000t\000i\000o\000n}{section.2.4}% 23
\BOOKMARK [3][-]{subsubsection.2.4.3.1}{\376\377\0002\000.\0004\000.\0003\000.\0001\000\040\000h\000a\000n\000d\000l\000e\000r\000S\000I\000G\000T\000E\000R\000M\000\050\000i\000n\000t\000\040\000s\000i\000g\000\051}{subsection.2.4.3}% 24
\BOOKMARK [1][-]{section.2.5}{\376\377\0002\000.\0005\000\040\000s\000e\000m\000a\000f\000o\000r\000o\000s\000.\000c\000\040\000F\000i\000l\000e\000\040\000R\000e\000f\000e\000r\000e\000n\000c\000e}{chapter.2}% 25
\BOOKMARK [2][-]{subsection.2.5.1}{\376\377\0002\000.\0005\000.\0001\000\040\000D\000e\000t\000a\000i\000l\000e\000d\000\040\000D\000e\000s\000c\000r\000i\000p\000t\000i\000o\000n}{section.2.5}% 26
\BOOKMARK [2][-]{subsection.2.5.2}{\376\377\0002\000.\0005\000.\0002\000\040\000F\000u\000n\000c\000t\000i\000o\000n\000\040\000D\000o\000c\000u\000m\000e\000n\000t\000a\000t\000i\000o\000n}{section.2.5}% 27
\BOOKMARK [3][-]{subsubsection.2.5.2.1}{\376\377\0002\000.\0005\000.\0002\000.\0001\000\040\000B\000o\000r\000r\000a\000r\000S\000e\000m\000a\000f\000o\000r\000o\000\050\000i\000n\000t\000\040\000s\000e\000m\000i\000d\000\051}{subsection.2.5.2}% 28
\BOOKMARK [3][-]{subsubsection.2.5.2.2}{\376\377\0002\000.\0005\000.\0002\000.\0002\000\040\000C\000r\000e\000a\000r\000S\000e\000m\000a\000f\000o\000r\000o\000\050\000k\000e\000y\000t\000\040\000k\000e\000y\000,\000\040\000i\000n\000t\000\040\000s\000i\000z\000e\000,\000\040\000i\000n\000t\000\040\000*\000s\000e\000m\000i\000d\000\051}{subsection.2.5.2}% 29
\BOOKMARK [3][-]{subsubsection.2.5.2.3}{\376\377\0002\000.\0005\000.\0002\000.\0003\000\040\000D\000o\000w\000n\000S\000e\000m\000a\000f\000o\000r\000o\000\050\000i\000n\000t\000\040\000i\000d\000,\000\040\000i\000n\000t\000\040\000n\000u\000m\000s\000e\000m\000,\000\040\000i\000n\000t\000\040\000u\000n\000d\000o\000\051}{subsection.2.5.2}% 30
\BOOKMARK [3][-]{subsubsection.2.5.2.4}{\376\377\0002\000.\0005\000.\0002\000.\0004\000\040\000D\000o\000w\000n\000M\000u\000l\000t\000i\000p\000l\000e\000S\000e\000m\000a\000f\000o\000r\000o\000\050\000i\000n\000t\000\040\000i\000d\000,\000\040\000i\000n\000t\000\040\000s\000i\000z\000e\000,\000\040\000i\000n\000t\000\040\000u\000n\000d\000o\000,\000\040\000i\000n\000t\000\040\000*\000a\000c\000t\000i\000v\000e\000\051}{subsection.2.5.2}% 31
\BOOKMARK [3][-]{subsubsection.2.5.2.5}{\376\377\0002\000.\0005\000.\0002\000.\0005\000\040\000I\000n\000i\000c\000i\000a\000l\000i\000z\000a\000r\000S\000e\000m\000a\000f\000o\000r\000o\000\050\000i\000n\000t\000\040\000s\000e\000m\000i\000d\000,\000\040\000u\000n\000s\000i\000g\000n\000e\000d\000\040\000s\000h\000o\000r\000t\000\040\000*\000a\000r\000r\000a\000y\000\051}{subsection.2.5.2}% 32
\BOOKMARK [3][-]{subsubsection.2.5.2.6}{\376\377\0002\000.\0005\000.\0002\000.\0006\000\040\000U\000p\000S\000e\000m\000a\000f\000o\000r\000o\000\050\000i\000n\000t\000\040\000i\000d\000,\000\040\000i\000n\000t\000\040\000n\000u\000m\000s\000e\000m\000,\000\040\000i\000n\000t\000\040\000u\000n\000d\000o\000\051}{subsection.2.5.2}% 33
\BOOKMARK [3][-]{subsubsection.2.5.2.7}{\376\377\0002\000.\0005\000.\0002\000.\0007\000\040\000U\000p\000M\000u\000l\000t\000i\000p\000l\000e\000S\000e\000m\000a\000f\000o\000r\000o\000\050\000i\000n\000t\000\040\000i\000d\000,\000\040\000i\000n\000t\000\040\000s\000i\000z\000e\000,\000\040\000i\000n\000t\000\040\000u\000n\000d\000o\000,\000\040\000i\000n\000t\000\040\000*\000a\000c\000t\000i\000v\000e\000\051}{subsection.2.5.2}% 34
\BOOKMARK [1][-]{section.2.6}{\376\377\0002\000.\0006\000\040\000s\000e\000m\000a\000f\000o\000r\000o\000s\000.\000h\000\040\000F\000i\000l\000e\000\040\000R\000e\000f\000e\000r\000e\000n\000c\000e}{chapter.2}% 35
\BOOKMARK [2][-]{subsection.2.6.1}{\376\377\0002\000.\0006\000.\0001\000\040\000D\000e\000t\000a\000i\000l\000e\000d\000\040\000D\000e\000s\000c\000r\000i\000p\000t\000i\000o\000n}{section.2.6}% 36
\BOOKMARK [2][-]{subsection.2.6.2}{\376\377\0002\000.\0006\000.\0002\000\040\000M\000a\000c\000r\000o\000\040\000D\000e\000f\000i\000n\000i\000t\000i\000o\000n\000\040\000D\000o\000c\000u\000m\000e\000n\000t\000a\000t\000i\000o\000n}{section.2.6}% 37
\BOOKMARK [3][-]{subsubsection.2.6.2.1}{\376\377\0002\000.\0006\000.\0002\000.\0001\000\040\000E\000R\000R\000O\000R}{subsection.2.6.2}% 38
\BOOKMARK [3][-]{subsubsection.2.6.2.2}{\376\377\0002\000.\0006\000.\0002\000.\0002\000\040\000O\000K}{subsection.2.6.2}% 39
\BOOKMARK [2][-]{subsection.2.6.3}{\376\377\0002\000.\0006\000.\0003\000\040\000F\000u\000n\000c\000t\000i\000o\000n\000\040\000D\000o\000c\000u\000m\000e\000n\000t\000a\000t\000i\000o\000n}{section.2.6}% 40
\BOOKMARK [3][-]{subsubsection.2.6.3.1}{\376\377\0002\000.\0006\000.\0003\000.\0001\000\040\000B\000o\000r\000r\000a\000r\000S\000e\000m\000a\000f\000o\000r\000o\000\050\000i\000n\000t\000\040\000s\000e\000m\000i\000d\000\051}{subsection.2.6.3}% 41
\BOOKMARK [3][-]{subsubsection.2.6.3.2}{\376\377\0002\000.\0006\000.\0003\000.\0002\000\040\000C\000r\000e\000a\000r\000S\000e\000m\000a\000f\000o\000r\000o\000\050\000k\000e\000y\000t\000\040\000k\000e\000y\000,\000\040\000i\000n\000t\000\040\000s\000i\000z\000e\000,\000\040\000i\000n\000t\000\040\000*\000s\000e\000m\000i\000d\000\051}{subsection.2.6.3}% 42
\BOOKMARK [3][-]{subsubsection.2.6.3.3}{\376\377\0002\000.\0006\000.\0003\000.\0003\000\040\000D\000o\000w\000n\000S\000e\000m\000a\000f\000o\000r\000o\000\050\000i\000n\000t\000\040\000i\000d\000,\000\040\000i\000n\000t\000\040\000n\000u\000m\000s\000e\000m\000,\000\040\000i\000n\000t\000\040\000u\000n\000d\000o\000\051}{subsection.2.6.3}% 43
\BOOKMARK [3][-]{subsubsection.2.6.3.4}{\376\377\0002\000.\0006\000.\0003\000.\0004\000\040\000D\000o\000w\000n\000M\000u\000l\000t\000i\000p\000l\000e\000S\000e\000m\000a\000f\000o\000r\000o\000\050\000i\000n\000t\000\040\000i\000d\000,\000\040\000i\000n\000t\000\040\000s\000i\000z\000e\000,\000\040\000i\000n\000t\000\040\000u\000n\000d\000o\000,\000\040\000i\000n\000t\000\040\000*\000a\000c\000t\000i\000v\000e\000\051}{subsection.2.6.3}% 44
\BOOKMARK [3][-]{subsubsection.2.6.3.5}{\376\377\0002\000.\0006\000.\0003\000.\0005\000\040\000I\000n\000i\000c\000i\000a\000l\000i\000z\000a\000r\000S\000e\000m\000a\000f\000o\000r\000o\000\050\000i\000n\000t\000\040\000s\000e\000m\000i\000d\000,\000\040\000u\000n\000s\000i\000g\000n\000e\000d\000\040\000s\000h\000o\000r\000t\000\040\000*\000a\000r\000r\000a\000y\000\051}{subsection.2.6.3}% 45
\BOOKMARK [3][-]{subsubsection.2.6.3.6}{\376\377\0002\000.\0006\000.\0003\000.\0006\000\040\000U\000p\000S\000e\000m\000a\000f\000o\000r\000o\000\050\000i\000n\000t\000\040\000i\000d\000,\000\040\000i\000n\000t\000\040\000n\000u\000m\000s\000e\000m\000,\000\040\000i\000n\000t\000\040\000u\000n\000d\000o\000\051}{subsection.2.6.3}% 46
\BOOKMARK [3][-]{subsubsection.2.6.3.7}{\376\377\0002\000.\0006\000.\0003\000.\0007\000\040\000U\000p\000M\000u\000l\000t\000i\000p\000l\000e\000S\000e\000m\000a\000f\000o\000r\000o\000\050\000i\000n\000t\000\040\000i\000d\000,\000\040\000i\000n\000t\000\040\000s\000i\000z\000e\000,\000\040\000i\000n\000t\000\040\000u\000n\000d\000o\000,\000\040\000i\000n\000t\000\040\000*\000a\000c\000t\000i\000v\000e\000\051}{subsection.2.6.3}% 47
\BOOKMARK [0][-]{section*.20}{\376\377\000I\000n\000d\000e\000x}{}% 48
