\BOOKMARK [0][-]{chapter.1}{\376\377\0001\000\040\000C\000l\000a\000s\000s\000\040\000I\000n\000d\000e\000x}{}% 1
\BOOKMARK [1][-]{section.1.1}{\376\377\0001\000.\0001\000\040\000C\000l\000a\000s\000s\000\040\000L\000i\000s\000t}{chapter.1}% 2
\BOOKMARK [0][-]{chapter.2}{\376\377\0002\000\040\000F\000i\000l\000e\000\040\000I\000n\000d\000e\000x}{}% 3
\BOOKMARK [1][-]{section.2.1}{\376\377\0002\000.\0001\000\040\000F\000i\000l\000e\000\040\000L\000i\000s\000t}{chapter.2}% 4
\BOOKMARK [0][-]{chapter.3}{\376\377\0003\000\040\000C\000l\000a\000s\000s\000\040\000D\000o\000c\000u\000m\000e\000n\000t\000a\000t\000i\000o\000n}{}% 5
\BOOKMARK [1][-]{section.3.1}{\376\377\0003\000.\0001\000\040\000m\000a\000r\000k\000e\000t\000\137\000r\000a\000t\000e\000s\000\137\000s\000t\000r\000u\000c\000t\000\040\000S\000t\000r\000u\000c\000t\000\040\000R\000e\000f\000e\000r\000e\000n\000c\000e}{chapter.3}% 6
\BOOKMARK [2][-]{subsection.3.1.1}{\376\377\0003\000.\0001\000.\0001\000\040\000D\000e\000t\000a\000i\000l\000e\000d\000\040\000D\000e\000s\000c\000r\000i\000p\000t\000i\000o\000n}{section.3.1}% 7
\BOOKMARK [2][-]{subsection.3.1.2}{\376\377\0003\000.\0001\000.\0002\000\040\000M\000e\000m\000b\000e\000r\000\040\000D\000a\000t\000a\000\040\000D\000o\000c\000u\000m\000e\000n\000t\000a\000t\000i\000o\000n}{section.3.1}% 8
\BOOKMARK [3][-]{subsubsection.3.1.2.1}{\376\377\0003\000.\0001\000.\0002\000.\0001\000\040\000h\000o\000r\000s\000e\000b\000e\000t}{subsection.3.1.2}% 9
\BOOKMARK [3][-]{subsubsection.3.1.2.2}{\376\377\0003\000.\0001\000.\0002\000.\0002\000\040\000h\000o\000r\000s\000e\000r\000a\000t\000e}{subsection.3.1.2}% 10
\BOOKMARK [3][-]{subsubsection.3.1.2.3}{\376\377\0003\000.\0001\000.\0002\000.\0003\000\040\000t\000o\000t\000a\000l}{subsection.3.1.2}% 11
\BOOKMARK [1][-]{section.3.2}{\376\377\0003\000.\0002\000\040\000m\000s\000g\000b\000u\000f\000\040\000S\000t\000r\000u\000c\000t\000\040\000R\000e\000f\000e\000r\000e\000n\000c\000e}{chapter.3}% 12
\BOOKMARK [2][-]{subsection.3.2.1}{\376\377\0003\000.\0002\000.\0001\000\040\000D\000e\000t\000a\000i\000l\000e\000d\000\040\000D\000e\000s\000c\000r\000i\000p\000t\000i\000o\000n}{section.3.2}% 13
\BOOKMARK [2][-]{subsection.3.2.2}{\376\377\0003\000.\0002\000.\0002\000\040\000M\000e\000m\000b\000e\000r\000\040\000D\000a\000t\000a\000\040\000D\000o\000c\000u\000m\000e\000n\000t\000a\000t\000i\000o\000n}{section.3.2}% 14
\BOOKMARK [3][-]{subsubsection.3.2.2.1}{\376\377\0003\000.\0002\000.\0002\000.\0001\000\040\000b\000e\000t}{subsection.3.2.2}% 15
\BOOKMARK [3][-]{subsubsection.3.2.2.2}{\376\377\0003\000.\0002\000.\0002\000.\0002\000\040\000b\000e\000t\000t\000i\000n\000g}{subsection.3.2.2}% 16
\BOOKMARK [3][-]{subsubsection.3.2.2.3}{\376\377\0003\000.\0002\000.\0002\000.\0003\000\040\000b\000e\000t\000t\000o\000r\000i\000d}{subsection.3.2.2}% 17
\BOOKMARK [3][-]{subsubsection.3.2.2.4}{\376\377\0003\000.\0002\000.\0002\000.\0004\000\040\000h\000o\000r\000s\000e\000i\000d}{subsection.3.2.2}% 18
\BOOKMARK [3][-]{subsubsection.3.2.2.5}{\376\377\0003\000.\0002\000.\0002\000.\0005\000\040\000i\000n\000f\000o}{subsection.3.2.2}% 19
\BOOKMARK [3][-]{subsubsection.3.2.2.6}{\376\377\0003\000.\0002\000.\0002\000.\0006\000\040\000l\000a\000s\000t\000t\000h\000r\000o\000w}{subsection.3.2.2}% 20
\BOOKMARK [3][-]{subsubsection.3.2.2.7}{\376\377\0003\000.\0002\000.\0002\000.\0007\000\040\000m\000t\000y\000p\000e}{subsection.3.2.2}% 21
\BOOKMARK [3][-]{subsubsection.3.2.2.8}{\376\377\0003\000.\0002\000.\0002\000.\0008\000\040\000n\000a\000m\000e}{subsection.3.2.2}% 22
\BOOKMARK [3][-]{subsubsection.3.2.2.9}{\376\377\0003\000.\0002\000.\0002\000.\0009\000\040\000p\000o\000s\000i\000t\000i\000o\000n}{subsection.3.2.2}% 23
\BOOKMARK [1][-]{section.3.3}{\376\377\0003\000.\0003\000\040\000r\000a\000c\000e\000\137\000c\000o\000n\000t\000r\000o\000l\000\137\000s\000t\000r\000u\000c\000t\000\040\000S\000t\000r\000u\000c\000t\000\040\000R\000e\000f\000e\000r\000e\000n\000c\000e}{chapter.3}% 24
\BOOKMARK [2][-]{subsection.3.3.1}{\376\377\0003\000.\0003\000.\0001\000\040\000D\000e\000t\000a\000i\000l\000e\000d\000\040\000D\000e\000s\000c\000r\000i\000p\000t\000i\000o\000n}{section.3.3}% 25
\BOOKMARK [2][-]{subsection.3.3.2}{\376\377\0003\000.\0003\000.\0002\000\040\000M\000e\000m\000b\000e\000r\000\040\000D\000a\000t\000a\000\040\000D\000o\000c\000u\000m\000e\000n\000t\000a\000t\000i\000o\000n}{section.3.3}% 26
\BOOKMARK [3][-]{subsubsection.3.3.2.1}{\376\377\0003\000.\0003\000.\0002\000.\0001\000\040\000c\000u\000r\000r\000e\000n\000t\000b\000o\000x}{subsection.3.3.2}% 27
\BOOKMARK [3][-]{subsubsection.3.3.2.2}{\376\377\0003\000.\0003\000.\0002\000.\0002\000\040\000h\000o\000r\000s\000e\000s\000d\000o\000n\000e}{subsection.3.3.2}% 28
\BOOKMARK [3][-]{subsubsection.3.3.2.3}{\376\377\0003\000.\0003\000.\0002\000.\0003\000\040\000l\000a\000s\000t\000t\000h\000r\000o\000w}{subsection.3.3.2}% 29
\BOOKMARK [3][-]{subsubsection.3.3.2.4}{\376\377\0003\000.\0003\000.\0002\000.\0004\000\040\000p\000o\000s\000i\000t\000i\000o\000n}{subsection.3.3.2}% 30
\BOOKMARK [0][-]{chapter.4}{\376\377\0004\000\040\000F\000i\000l\000e\000\040\000D\000o\000c\000u\000m\000e\000n\000t\000a\000t\000i\000o\000n}{}% 31
\BOOKMARK [1][-]{section.4.1}{\376\377\0004\000.\0001\000\040\000p\000r\000o\000y\000e\000c\000t\000o\000.\000c\000\040\000F\000i\000l\000e\000\040\000R\000e\000f\000e\000r\000e\000n\000c\000e}{chapter.4}% 32
\BOOKMARK [1][-]{section.4.2}{\376\377\0004\000.\0002\000\040\000s\000e\000m\000a\000f\000o\000r\000o\000s\000.\000c\000\040\000F\000i\000l\000e\000\040\000R\000e\000f\000e\000r\000e\000n\000c\000e}{chapter.4}% 33
\BOOKMARK [2][-]{subsection.4.2.1}{\376\377\0004\000.\0002\000.\0001\000\040\000D\000e\000t\000a\000i\000l\000e\000d\000\040\000D\000e\000s\000c\000r\000i\000p\000t\000i\000o\000n}{section.4.2}% 34
\BOOKMARK [2][-]{subsection.4.2.2}{\376\377\0004\000.\0002\000.\0002\000\040\000F\000u\000n\000c\000t\000i\000o\000n\000\040\000D\000o\000c\000u\000m\000e\000n\000t\000a\000t\000i\000o\000n}{section.4.2}% 35
\BOOKMARK [3][-]{subsubsection.4.2.2.1}{\376\377\0004\000.\0002\000.\0002\000.\0001\000\040\000B\000o\000r\000r\000a\000r\000S\000e\000m\000a\000f\000o\000r\000o\000\050\000i\000n\000t\000\040\000s\000e\000m\000i\000d\000\051}{subsection.4.2.2}% 36
\BOOKMARK [3][-]{subsubsection.4.2.2.2}{\376\377\0004\000.\0002\000.\0002\000.\0002\000\040\000C\000r\000e\000a\000r\000S\000e\000m\000a\000f\000o\000r\000o\000\050\000k\000e\000y\000t\000\040\000k\000e\000y\000,\000\040\000i\000n\000t\000\040\000s\000i\000z\000e\000,\000\040\000i\000n\000t\000\040\000*\000s\000e\000m\000i\000d\000\051}{subsection.4.2.2}% 37
\BOOKMARK [3][-]{subsubsection.4.2.2.3}{\376\377\0004\000.\0002\000.\0002\000.\0003\000\040\000D\000o\000w\000n\000S\000e\000m\000a\000f\000o\000r\000o\000\050\000i\000n\000t\000\040\000i\000d\000,\000\040\000i\000n\000t\000\040\000n\000u\000m\000s\000e\000m\000,\000\040\000i\000n\000t\000\040\000u\000n\000d\000o\000\051}{subsection.4.2.2}% 38
\BOOKMARK [3][-]{subsubsection.4.2.2.4}{\376\377\0004\000.\0002\000.\0002\000.\0004\000\040\000D\000o\000w\000n\000M\000u\000l\000t\000i\000p\000l\000e\000S\000e\000m\000a\000f\000o\000r\000o\000\050\000i\000n\000t\000\040\000i\000d\000,\000\040\000i\000n\000t\000\040\000s\000i\000z\000e\000,\000\040\000i\000n\000t\000\040\000u\000n\000d\000o\000,\000\040\000i\000n\000t\000\040\000*\000a\000c\000t\000i\000v\000e\000\051}{subsection.4.2.2}% 39
\BOOKMARK [3][-]{subsubsection.4.2.2.5}{\376\377\0004\000.\0002\000.\0002\000.\0005\000\040\000I\000n\000i\000c\000i\000a\000l\000i\000z\000a\000r\000S\000e\000m\000a\000f\000o\000r\000o\000\050\000i\000n\000t\000\040\000s\000e\000m\000i\000d\000,\000\040\000u\000n\000s\000i\000g\000n\000e\000d\000\040\000s\000h\000o\000r\000t\000\040\000*\000a\000r\000r\000a\000y\000\051}{subsection.4.2.2}% 40
\BOOKMARK [3][-]{subsubsection.4.2.2.6}{\376\377\0004\000.\0002\000.\0002\000.\0006\000\040\000U\000p\000S\000e\000m\000a\000f\000o\000r\000o\000\050\000i\000n\000t\000\040\000i\000d\000,\000\040\000i\000n\000t\000\040\000n\000u\000m\000s\000e\000m\000,\000\040\000i\000n\000t\000\040\000u\000n\000d\000o\000\051}{subsection.4.2.2}% 41
\BOOKMARK [3][-]{subsubsection.4.2.2.7}{\376\377\0004\000.\0002\000.\0002\000.\0007\000\040\000U\000p\000M\000u\000l\000t\000i\000p\000l\000e\000S\000e\000m\000a\000f\000o\000r\000o\000\050\000i\000n\000t\000\040\000i\000d\000,\000\040\000i\000n\000t\000\040\000s\000i\000z\000e\000,\000\040\000i\000n\000t\000\040\000u\000n\000d\000o\000,\000\040\000i\000n\000t\000\040\000*\000a\000c\000t\000i\000v\000e\000\051}{subsection.4.2.2}% 42
\BOOKMARK [1][-]{section.4.3}{\376\377\0004\000.\0003\000\040\000s\000e\000m\000a\000f\000o\000r\000o\000s\000.\000h\000\040\000F\000i\000l\000e\000\040\000R\000e\000f\000e\000r\000e\000n\000c\000e}{chapter.4}% 43
\BOOKMARK [2][-]{subsection.4.3.1}{\376\377\0004\000.\0003\000.\0001\000\040\000D\000e\000t\000a\000i\000l\000e\000d\000\040\000D\000e\000s\000c\000r\000i\000p\000t\000i\000o\000n}{section.4.3}% 44
\BOOKMARK [2][-]{subsection.4.3.2}{\376\377\0004\000.\0003\000.\0002\000\040\000M\000a\000c\000r\000o\000\040\000D\000e\000f\000i\000n\000i\000t\000i\000o\000n\000\040\000D\000o\000c\000u\000m\000e\000n\000t\000a\000t\000i\000o\000n}{section.4.3}% 45
\BOOKMARK [3][-]{subsubsection.4.3.2.1}{\376\377\0004\000.\0003\000.\0002\000.\0001\000\040\000E\000R\000R\000O\000R}{subsection.4.3.2}% 46
\BOOKMARK [3][-]{subsubsection.4.3.2.2}{\376\377\0004\000.\0003\000.\0002\000.\0002\000\040\000O\000K}{subsection.4.3.2}% 47
\BOOKMARK [2][-]{subsection.4.3.3}{\376\377\0004\000.\0003\000.\0003\000\040\000F\000u\000n\000c\000t\000i\000o\000n\000\040\000D\000o\000c\000u\000m\000e\000n\000t\000a\000t\000i\000o\000n}{section.4.3}% 48
\BOOKMARK [3][-]{subsubsection.4.3.3.1}{\376\377\0004\000.\0003\000.\0003\000.\0001\000\040\000B\000o\000r\000r\000a\000r\000S\000e\000m\000a\000f\000o\000r\000o\000\050\000i\000n\000t\000\040\000s\000e\000m\000i\000d\000\051}{subsection.4.3.3}% 49
\BOOKMARK [3][-]{subsubsection.4.3.3.2}{\376\377\0004\000.\0003\000.\0003\000.\0002\000\040\000C\000r\000e\000a\000r\000S\000e\000m\000a\000f\000o\000r\000o\000\050\000k\000e\000y\000t\000\040\000k\000e\000y\000,\000\040\000i\000n\000t\000\040\000s\000i\000z\000e\000,\000\040\000i\000n\000t\000\040\000*\000s\000e\000m\000i\000d\000\051}{subsection.4.3.3}% 50
\BOOKMARK [3][-]{subsubsection.4.3.3.3}{\376\377\0004\000.\0003\000.\0003\000.\0003\000\040\000D\000o\000w\000n\000S\000e\000m\000a\000f\000o\000r\000o\000\050\000i\000n\000t\000\040\000i\000d\000,\000\040\000i\000n\000t\000\040\000n\000u\000m\000s\000e\000m\000,\000\040\000i\000n\000t\000\040\000u\000n\000d\000o\000\051}{subsection.4.3.3}% 51
\BOOKMARK [3][-]{subsubsection.4.3.3.4}{\376\377\0004\000.\0003\000.\0003\000.\0004\000\040\000D\000o\000w\000n\000M\000u\000l\000t\000i\000p\000l\000e\000S\000e\000m\000a\000f\000o\000r\000o\000\050\000i\000n\000t\000\040\000i\000d\000,\000\040\000i\000n\000t\000\040\000s\000i\000z\000e\000,\000\040\000i\000n\000t\000\040\000u\000n\000d\000o\000,\000\040\000i\000n\000t\000\040\000*\000a\000c\000t\000i\000v\000e\000\051}{subsection.4.3.3}% 52
\BOOKMARK [3][-]{subsubsection.4.3.3.5}{\376\377\0004\000.\0003\000.\0003\000.\0005\000\040\000I\000n\000i\000c\000i\000a\000l\000i\000z\000a\000r\000S\000e\000m\000a\000f\000o\000r\000o\000\050\000i\000n\000t\000\040\000s\000e\000m\000i\000d\000,\000\040\000u\000n\000s\000i\000g\000n\000e\000d\000\040\000s\000h\000o\000r\000t\000\040\000*\000a\000r\000r\000a\000y\000\051}{subsection.4.3.3}% 53
\BOOKMARK [3][-]{subsubsection.4.3.3.6}{\376\377\0004\000.\0003\000.\0003\000.\0006\000\040\000U\000p\000S\000e\000m\000a\000f\000o\000r\000o\000\050\000i\000n\000t\000\040\000i\000d\000,\000\040\000i\000n\000t\000\040\000n\000u\000m\000s\000e\000m\000,\000\040\000i\000n\000t\000\040\000u\000n\000d\000o\000\051}{subsection.4.3.3}% 54
\BOOKMARK [3][-]{subsubsection.4.3.3.7}{\376\377\0004\000.\0003\000.\0003\000.\0007\000\040\000U\000p\000M\000u\000l\000t\000i\000p\000l\000e\000S\000e\000m\000a\000f\000o\000r\000o\000\050\000i\000n\000t\000\040\000i\000d\000,\000\040\000i\000n\000t\000\040\000s\000i\000z\000e\000,\000\040\000i\000n\000t\000\040\000u\000n\000d\000o\000,\000\040\000i\000n\000t\000\040\000*\000a\000c\000t\000i\000v\000e\000\051}{subsection.4.3.3}% 55
