\BOOKMARK [1][-]{section.1}{Introduction}{}% 1
\BOOKMARK [2][-]{subsection.1.1}{Purpose of the system}{section.1}% 2
\BOOKMARK [2][-]{subsection.1.2}{Scope of the system}{section.1}% 3
\BOOKMARK [2][-]{subsection.1.3}{Objectives and success criteria of the project}{section.1}% 4
\BOOKMARK [2][-]{subsection.1.4}{Definitions, acronyms, and abbreviations}{section.1}% 5
\BOOKMARK [3][-]{subsubsection.1.4.1}{Definitions}{subsection.1.4}% 6
\BOOKMARK [3][-]{subsubsection.1.4.2}{Acronyms}{subsection.1.4}% 7
\BOOKMARK [3][-]{subsubsection.1.4.3}{Abbreviations}{subsection.1.4}% 8
\BOOKMARK [1][-]{section.2}{System Description}{}% 9
\BOOKMARK [2][-]{subsection.2.1}{Functional Requirements}{section.2}% 10
\BOOKMARK [3][-]{subsubsection.2.1.1}{Non-Registered User or Public User}{subsection.2.1}% 11
\BOOKMARK [3][-]{subsubsection.2.1.2}{Registered User}{subsection.2.1}% 12
\BOOKMARK [3][-]{subsubsection.2.1.3}{Manager}{subsection.2.1}% 13
\BOOKMARK [2][-]{subsection.2.2}{Non-functional Requirements}{section.2}% 14
\BOOKMARK [3][-]{subsubsection.2.2.1}{Usability}{subsection.2.2}% 15
\BOOKMARK [3][-]{subsubsection.2.2.2}{Reliability}{subsection.2.2}% 16
\BOOKMARK [3][-]{subsubsection.2.2.3}{Performance}{subsection.2.2}% 17
\BOOKMARK [3][-]{subsubsection.2.2.4}{Supportability}{subsection.2.2}% 18
\BOOKMARK [3][-]{subsubsection.2.2.5}{Implementation}{subsection.2.2}% 19
\BOOKMARK [1][-]{section.3}{Use Cases}{}% 20
\BOOKMARK [2][-]{subsection.3.1}{Use Case diagram}{section.3}% 21
\BOOKMARK [2][-]{subsection.3.2}{Use Case descriptions}{section.3}% 22
\BOOKMARK [3][-]{subsubsection.3.2.1}{Use Case: Register an apartment}{subsection.3.2}% 23
\BOOKMARK [3][-]{subsubsection.3.2.2}{Use Case: Create offer}{subsection.3.2}% 24
\BOOKMARK [3][-]{subsubsection.3.2.3}{Use Case: Rent an apartment}{subsection.3.2}% 25
\BOOKMARK [3][-]{subsubsection.3.2.4}{Use Case: Comment}{subsection.3.2}% 26
\BOOKMARK [1][-]{section.4}{Mockups}{}% 27
