This is pdfTeX, Version 3.14159265-2.6-1.40.18 (MiKTeX 2.9.6500 64-bit) (preloaded format=pdflatex 2017.12.13)  6 MAR 2018 02:27
entering extended mode
**./P2Report.tex
(P2Report.tex
LaTeX2e <2017-04-15>
Babel <3.15> and hyphenation patterns for 75 language(s) loaded.

("C:\Users\Alejandro Santorum\AppData\Local\Programs\MiKTeX 2.9\tex\latex\base\
article.cls"
Document Class: article 2014/09/29 v1.4h Standard LaTeX document class

("C:\Users\Alejandro Santorum\AppData\Local\Programs\MiKTeX 2.9\tex\latex\base\
size12.clo"
File: size12.clo 2014/09/29 v1.4h Standard LaTeX file (size option)
)
\c@part=\count79
\c@section=\count80
\c@subsection=\count81
\c@subsubsection=\count82
\c@paragraph=\count83
\c@subparagraph=\count84
\c@figure=\count85
\c@table=\count86
\abovecaptionskip=\skip41
\belowcaptionskip=\skip42
\bibindent=\dimen102
)
("C:\Users\Alejandro Santorum\AppData\Local\Programs\MiKTeX 2.9\tex\latex\base\
inputenc.sty"
Package: inputenc 2015/03/17 v1.2c Input encoding file
\inpenc@prehook=\toks14
\inpenc@posthook=\toks15

("C:\Users\Alejandro Santorum\AppData\Local\Programs\MiKTeX 2.9\tex\latex\base\
utf8.def"
File: utf8.def 2017/01/28 v1.1t UTF-8 support for inputenc
Now handling font encoding OML ...
... no UTF-8 mapping file for font encoding OML
Now handling font encoding T1 ...
... processing UTF-8 mapping file for font encoding T1

("C:\Users\Alejandro Santorum\AppData\Local\Programs\MiKTeX 2.9\tex\latex\base\
t1enc.dfu"
File: t1enc.dfu 2017/01/28 v1.1t UTF-8 support for inputenc
   defining Unicode char U+00A0 (decimal 160)
   defining Unicode char U+00A1 (decimal 161)
   defining Unicode char U+00A3 (decimal 163)
   defining Unicode char U+00AB (decimal 171)
   defining Unicode char U+00AD (decimal 173)
   defining Unicode char U+00BB (decimal 187)
   defining Unicode char U+00BF (decimal 191)
   defining Unicode char U+00C0 (decimal 192)
   defining Unicode char U+00C1 (decimal 193)
   defining Unicode char U+00C2 (decimal 194)
   defining Unicode char U+00C3 (decimal 195)
   defining Unicode char U+00C4 (decimal 196)
   defining Unicode char U+00C5 (decimal 197)
   defining Unicode char U+00C6 (decimal 198)
   defining Unicode char U+00C7 (decimal 199)
   defining Unicode char U+00C8 (decimal 200)
   defining Unicode char U+00C9 (decimal 201)
   defining Unicode char U+00CA (decimal 202)
   defining Unicode char U+00CB (decimal 203)
   defining Unicode char U+00CC (decimal 204)
   defining Unicode char U+00CD (decimal 205)
   defining Unicode char U+00CE (decimal 206)
   defining Unicode char U+00CF (decimal 207)
   defining Unicode char U+00D0 (decimal 208)
   defining Unicode char U+00D1 (decimal 209)
   defining Unicode char U+00D2 (decimal 210)
   defining Unicode char U+00D3 (decimal 211)
   defining Unicode char U+00D4 (decimal 212)
   defining Unicode char U+00D5 (decimal 213)
   defining Unicode char U+00D6 (decimal 214)
   defining Unicode char U+00D8 (decimal 216)
   defining Unicode char U+00D9 (decimal 217)
   defining Unicode char U+00DA (decimal 218)
   defining Unicode char U+00DB (decimal 219)
   defining Unicode char U+00DC (decimal 220)
   defining Unicode char U+00DD (decimal 221)
   defining Unicode char U+00DE (decimal 222)
   defining Unicode char U+00DF (decimal 223)
   defining Unicode char U+00E0 (decimal 224)
   defining Unicode char U+00E1 (decimal 225)
   defining Unicode char U+00E2 (decimal 226)
   defining Unicode char U+00E3 (decimal 227)
   defining Unicode char U+00E4 (decimal 228)
   defining Unicode char U+00E5 (decimal 229)
   defining Unicode char U+00E6 (decimal 230)
   defining Unicode char U+00E7 (decimal 231)
   defining Unicode char U+00E8 (decimal 232)
   defining Unicode char U+00E9 (decimal 233)
   defining Unicode char U+00EA (decimal 234)
   defining Unicode char U+00EB (decimal 235)
   defining Unicode char U+00EC (decimal 236)
   defining Unicode char U+00ED (decimal 237)
   defining Unicode char U+00EE (decimal 238)
   defining Unicode char U+00EF (decimal 239)
   defining Unicode char U+00F0 (decimal 240)
   defining Unicode char U+00F1 (decimal 241)
   defining Unicode char U+00F2 (decimal 242)
   defining Unicode char U+00F3 (decimal 243)
   defining Unicode char U+00F4 (decimal 244)
   defining Unicode char U+00F5 (decimal 245)
   defining Unicode char U+00F6 (decimal 246)
   defining Unicode char U+00F8 (decimal 248)
   defining Unicode char U+00F9 (decimal 249)
   defining Unicode char U+00FA (decimal 250)
   defining Unicode char U+00FB (decimal 251)
   defining Unicode char U+00FC (decimal 252)
   defining Unicode char U+00FD (decimal 253)
   defining Unicode char U+00FE (decimal 254)
   defining Unicode char U+00FF (decimal 255)
   defining Unicode char U+0100 (decimal 256)
   defining Unicode char U+0101 (decimal 257)
   defining Unicode char U+0102 (decimal 258)
   defining Unicode char U+0103 (decimal 259)
   defining Unicode char U+0104 (decimal 260)
   defining Unicode char U+0105 (decimal 261)
   defining Unicode char U+0106 (decimal 262)
   defining Unicode char U+0107 (decimal 263)
   defining Unicode char U+0108 (decimal 264)
   defining Unicode char U+0109 (decimal 265)
   defining Unicode char U+010A (decimal 266)
   defining Unicode char U+010B (decimal 267)
   defining Unicode char U+010C (decimal 268)
   defining Unicode char U+010D (decimal 269)
   defining Unicode char U+010E (decimal 270)
   defining Unicode char U+010F (decimal 271)
   defining Unicode char U+0110 (decimal 272)
   defining Unicode char U+0111 (decimal 273)
   defining Unicode char U+0112 (decimal 274)
   defining Unicode char U+0113 (decimal 275)
   defining Unicode char U+0114 (decimal 276)
   defining Unicode char U+0115 (decimal 277)
   defining Unicode char U+0116 (decimal 278)
   defining Unicode char U+0117 (decimal 279)
   defining Unicode char U+0118 (decimal 280)
   defining Unicode char U+0119 (decimal 281)
   defining Unicode char U+011A (decimal 282)
   defining Unicode char U+011B (decimal 283)
   defining Unicode char U+011C (decimal 284)
   defining Unicode char U+011D (decimal 285)
   defining Unicode char U+011E (decimal 286)
   defining Unicode char U+011F (decimal 287)
   defining Unicode char U+0120 (decimal 288)
   defining Unicode char U+0121 (decimal 289)
   defining Unicode char U+0122 (decimal 290)
   defining Unicode char U+0123 (decimal 291)
   defining Unicode char U+0124 (decimal 292)
   defining Unicode char U+0125 (decimal 293)
   defining Unicode char U+0128 (decimal 296)
   defining Unicode char U+0129 (decimal 297)
   defining Unicode char U+012A (decimal 298)
   defining Unicode char U+012B (decimal 299)
   defining Unicode char U+012C (decimal 300)
   defining Unicode char U+012D (decimal 301)
   defining Unicode char U+012E (decimal 302)
   defining Unicode char U+012F (decimal 303)
   defining Unicode char U+0130 (decimal 304)
   defining Unicode char U+0131 (decimal 305)
   defining Unicode char U+0132 (decimal 306)
   defining Unicode char U+0133 (decimal 307)
   defining Unicode char U+0134 (decimal 308)
   defining Unicode char U+0135 (decimal 309)
   defining Unicode char U+0136 (decimal 310)
   defining Unicode char U+0137 (decimal 311)
   defining Unicode char U+0139 (decimal 313)
   defining Unicode char U+013A (decimal 314)
   defining Unicode char U+013B (decimal 315)
   defining Unicode char U+013C (decimal 316)
   defining Unicode char U+013D (decimal 317)
   defining Unicode char U+013E (decimal 318)
   defining Unicode char U+0141 (decimal 321)
   defining Unicode char U+0142 (decimal 322)
   defining Unicode char U+0143 (decimal 323)
   defining Unicode char U+0144 (decimal 324)
   defining Unicode char U+0145 (decimal 325)
   defining Unicode char U+0146 (decimal 326)
   defining Unicode char U+0147 (decimal 327)
   defining Unicode char U+0148 (decimal 328)
   defining Unicode char U+014A (decimal 330)
   defining Unicode char U+014B (decimal 331)
   defining Unicode char U+014C (decimal 332)
   defining Unicode char U+014D (decimal 333)
   defining Unicode char U+014E (decimal 334)
   defining Unicode char U+014F (decimal 335)
   defining Unicode char U+0150 (decimal 336)
   defining Unicode char U+0151 (decimal 337)
   defining Unicode char U+0152 (decimal 338)
   defining Unicode char U+0153 (decimal 339)
   defining Unicode char U+0154 (decimal 340)
   defining Unicode char U+0155 (decimal 341)
   defining Unicode char U+0156 (decimal 342)
   defining Unicode char U+0157 (decimal 343)
   defining Unicode char U+0158 (decimal 344)
   defining Unicode char U+0159 (decimal 345)
   defining Unicode char U+015A (decimal 346)
   defining Unicode char U+015B (decimal 347)
   defining Unicode char U+015C (decimal 348)
   defining Unicode char U+015D (decimal 349)
   defining Unicode char U+015E (decimal 350)
   defining Unicode char U+015F (decimal 351)
   defining Unicode char U+0160 (decimal 352)
   defining Unicode char U+0161 (decimal 353)
   defining Unicode char U+0162 (decimal 354)
   defining Unicode char U+0163 (decimal 355)
   defining Unicode char U+0164 (decimal 356)
   defining Unicode char U+0165 (decimal 357)
   defining Unicode char U+0168 (decimal 360)
   defining Unicode char U+0169 (decimal 361)
   defining Unicode char U+016A (decimal 362)
   defining Unicode char U+016B (decimal 363)
   defining Unicode char U+016C (decimal 364)
   defining Unicode char U+016D (decimal 365)
   defining Unicode char U+016E (decimal 366)
   defining Unicode char U+016F (decimal 367)
   defining Unicode char U+0170 (decimal 368)
   defining Unicode char U+0171 (decimal 369)
   defining Unicode char U+0172 (decimal 370)
   defining Unicode char U+0173 (decimal 371)
   defining Unicode char U+0174 (decimal 372)
   defining Unicode char U+0175 (decimal 373)
   defining Unicode char U+0176 (decimal 374)
   defining Unicode char U+0177 (decimal 375)
   defining Unicode char U+0178 (decimal 376)
   defining Unicode char U+0179 (decimal 377)
   defining Unicode char U+017A (decimal 378)
   defining Unicode char U+017B (decimal 379)
   defining Unicode char U+017C (decimal 380)
   defining Unicode char U+017D (decimal 381)
   defining Unicode char U+017E (decimal 382)
   defining Unicode char U+01CD (decimal 461)
   defining Unicode char U+01CE (decimal 462)
   defining Unicode char U+01CF (decimal 463)
   defining Unicode char U+01D0 (decimal 464)
   defining Unicode char U+01D1 (decimal 465)
   defining Unicode char U+01D2 (decimal 466)
   defining Unicode char U+01D3 (decimal 467)
   defining Unicode char U+01D4 (decimal 468)
   defining Unicode char U+01E2 (decimal 482)
   defining Unicode char U+01E3 (decimal 483)
   defining Unicode char U+01E6 (decimal 486)
   defining Unicode char U+01E7 (decimal 487)
   defining Unicode char U+01E8 (decimal 488)
   defining Unicode char U+01E9 (decimal 489)
   defining Unicode char U+01EA (decimal 490)
   defining Unicode char U+01EB (decimal 491)
   defining Unicode char U+01F0 (decimal 496)
   defining Unicode char U+01F4 (decimal 500)
   defining Unicode char U+01F5 (decimal 501)
   defining Unicode char U+0218 (decimal 536)
   defining Unicode char U+0219 (decimal 537)
   defining Unicode char U+021A (decimal 538)
   defining Unicode char U+021B (decimal 539)
   defining Unicode char U+0232 (decimal 562)
   defining Unicode char U+0233 (decimal 563)
   defining Unicode char U+1E02 (decimal 7682)
   defining Unicode char U+1E03 (decimal 7683)
   defining Unicode char U+200C (decimal 8204)
   defining Unicode char U+2010 (decimal 8208)
   defining Unicode char U+2011 (decimal 8209)
   defining Unicode char U+2012 (decimal 8210)
   defining Unicode char U+2013 (decimal 8211)
   defining Unicode char U+2014 (decimal 8212)
   defining Unicode char U+2015 (decimal 8213)
   defining Unicode char U+2018 (decimal 8216)
   defining Unicode char U+2019 (decimal 8217)
   defining Unicode char U+201A (decimal 8218)
   defining Unicode char U+201C (decimal 8220)
   defining Unicode char U+201D (decimal 8221)
   defining Unicode char U+201E (decimal 8222)
   defining Unicode char U+2030 (decimal 8240)
   defining Unicode char U+2031 (decimal 8241)
   defining Unicode char U+2039 (decimal 8249)
   defining Unicode char U+203A (decimal 8250)
   defining Unicode char U+2423 (decimal 9251)
   defining Unicode char U+1E20 (decimal 7712)
   defining Unicode char U+1E21 (decimal 7713)
)
Now handling font encoding OT1 ...
... processing UTF-8 mapping file for font encoding OT1

("C:\Users\Alejandro Santorum\AppData\Local\Programs\MiKTeX 2.9\tex\latex\base\
ot1enc.dfu"
File: ot1enc.dfu 2017/01/28 v1.1t UTF-8 support for inputenc
   defining Unicode char U+00A0 (decimal 160)
   defining Unicode char U+00A1 (decimal 161)
   defining Unicode char U+00A3 (decimal 163)
   defining Unicode char U+00AD (decimal 173)
   defining Unicode char U+00B8 (decimal 184)
   defining Unicode char U+00BF (decimal 191)
   defining Unicode char U+00C5 (decimal 197)
   defining Unicode char U+00C6 (decimal 198)
   defining Unicode char U+00D8 (decimal 216)
   defining Unicode char U+00DF (decimal 223)
   defining Unicode char U+00E6 (decimal 230)
   defining Unicode char U+00EC (decimal 236)
   defining Unicode char U+00ED (decimal 237)
   defining Unicode char U+00EE (decimal 238)
   defining Unicode char U+00EF (decimal 239)
   defining Unicode char U+00F8 (decimal 248)
   defining Unicode char U+0131 (decimal 305)
   defining Unicode char U+0141 (decimal 321)
   defining Unicode char U+0142 (decimal 322)
   defining Unicode char U+0152 (decimal 338)
   defining Unicode char U+0153 (decimal 339)
   defining Unicode char U+0174 (decimal 372)
   defining Unicode char U+0175 (decimal 373)
   defining Unicode char U+0176 (decimal 374)
   defining Unicode char U+0177 (decimal 375)
   defining Unicode char U+0218 (decimal 536)
   defining Unicode char U+0219 (decimal 537)
   defining Unicode char U+021A (decimal 538)
   defining Unicode char U+021B (decimal 539)
   defining Unicode char U+2013 (decimal 8211)
   defining Unicode char U+2014 (decimal 8212)
   defining Unicode char U+2018 (decimal 8216)
   defining Unicode char U+2019 (decimal 8217)
   defining Unicode char U+201C (decimal 8220)
   defining Unicode char U+201D (decimal 8221)
)
Now handling font encoding OMS ...
... processing UTF-8 mapping file for font encoding OMS

("C:\Users\Alejandro Santorum\AppData\Local\Programs\MiKTeX 2.9\tex\latex\base\
omsenc.dfu"
File: omsenc.dfu 2017/01/28 v1.1t UTF-8 support for inputenc
   defining Unicode char U+00A7 (decimal 167)
   defining Unicode char U+00B6 (decimal 182)
   defining Unicode char U+00B7 (decimal 183)
   defining Unicode char U+2020 (decimal 8224)
   defining Unicode char U+2021 (decimal 8225)
   defining Unicode char U+2022 (decimal 8226)
)
Now handling font encoding OMX ...
... no UTF-8 mapping file for font encoding OMX
Now handling font encoding U ...
... no UTF-8 mapping file for font encoding U
   defining Unicode char U+00A9 (decimal 169)
   defining Unicode char U+00AA (decimal 170)
   defining Unicode char U+00AE (decimal 174)
   defining Unicode char U+00BA (decimal 186)
   defining Unicode char U+02C6 (decimal 710)
   defining Unicode char U+02DC (decimal 732)
   defining Unicode char U+200C (decimal 8204)
   defining Unicode char U+2026 (decimal 8230)
   defining Unicode char U+2122 (decimal 8482)
   defining Unicode char U+2423 (decimal 9251)
))
("C:\Users\Alejandro Santorum\AppData\Local\Programs\MiKTeX 2.9\tex\latex\graph
ics\color.sty"
Package: color 2016/07/10 v1.1e Standard LaTeX Color (DPC)

("C:\Users\Alejandro Santorum\AppData\Local\Programs\MiKTeX 2.9\tex\latex\graph
ics-cfg\color.cfg"
File: color.cfg 2016/01/02 v1.6 sample color configuration
)
Package color Info: Driver file: pdftex.def on input line 147.

("C:\Users\Alejandro Santorum\AppData\Local\Programs\MiKTeX 2.9\tex\latex\graph
ics-def\pdftex.def"
File: pdftex.def 2017/06/24 v1.0g Graphics/color driver for pdftex
))
("C:\Users\Alejandro Santorum\AppData\Local\Programs\MiKTeX 2.9\tex\latex\geome
try\geometry.sty"
Package: geometry 2010/09/12 v5.6 Page Geometry

("C:\Users\Alejandro Santorum\AppData\Local\Programs\MiKTeX 2.9\tex\latex\graph
ics\keyval.sty"
Package: keyval 2014/10/28 v1.15 key=value parser (DPC)
\KV@toks@=\toks16
)
("C:\Users\Alejandro Santorum\AppData\Local\Programs\MiKTeX 2.9\tex\generic\obe
rdiek\ifpdf.sty"
Package: ifpdf 2017/03/15 v3.2 Provides the ifpdf switch
)
("C:\Users\Alejandro Santorum\AppData\Local\Programs\MiKTeX 2.9\tex\generic\obe
rdiek\ifvtex.sty"
Package: ifvtex 2016/05/16 v1.6 Detect VTeX and its facilities (HO)
Package ifvtex Info: VTeX not detected.
)
("C:\Users\Alejandro Santorum\AppData\Local\Programs\MiKTeX 2.9\tex\generic\ifx
etex\ifxetex.sty"
Package: ifxetex 2010/09/12 v0.6 Provides ifxetex conditional
)
\Gm@cnth=\count87
\Gm@cntv=\count88
\c@Gm@tempcnt=\count89
\Gm@bindingoffset=\dimen103
\Gm@wd@mp=\dimen104
\Gm@odd@mp=\dimen105
\Gm@even@mp=\dimen106
\Gm@layoutwidth=\dimen107
\Gm@layoutheight=\dimen108
\Gm@layouthoffset=\dimen109
\Gm@layoutvoffset=\dimen110
\Gm@dimlist=\toks17

("C:\Users\Alejandro Santorum\AppData\Local\Programs\MiKTeX 2.9\tex\latex\geome
try\geometry.cfg"))
("C:\Users\Alejandro Santorum\AppData\Local\Programs\MiKTeX 2.9\tex\latex\amsma
th\amsmath.sty"
Package: amsmath 2017/09/02 v2.17a AMS math features
\@mathmargin=\skip43

For additional information on amsmath, use the `?' option.

("C:\Users\Alejandro Santorum\AppData\Local\Programs\MiKTeX 2.9\tex\latex\amsma
th\amstext.sty"
Package: amstext 2000/06/29 v2.01 AMS text

("C:\Users\Alejandro Santorum\AppData\Local\Programs\MiKTeX 2.9\tex\latex\amsma
th\amsgen.sty"
File: amsgen.sty 1999/11/30 v2.0 generic functions
\@emptytoks=\toks18
\ex@=\dimen111
))
("C:\Users\Alejandro Santorum\AppData\Local\Programs\MiKTeX 2.9\tex\latex\amsma
th\amsbsy.sty"
Package: amsbsy 1999/11/29 v1.2d Bold Symbols
\pmbraise@=\dimen112
)
("C:\Users\Alejandro Santorum\AppData\Local\Programs\MiKTeX 2.9\tex\latex\amsma
th\amsopn.sty"
Package: amsopn 2016/03/08 v2.02 operator names
)
\inf@bad=\count90
LaTeX Info: Redefining \frac on input line 213.
\uproot@=\count91
\leftroot@=\count92
LaTeX Info: Redefining \overline on input line 375.
\classnum@=\count93
\DOTSCASE@=\count94
LaTeX Info: Redefining \ldots on input line 472.
LaTeX Info: Redefining \dots on input line 475.
LaTeX Info: Redefining \cdots on input line 596.
\Mathstrutbox@=\box26
\strutbox@=\box27
\big@size=\dimen113
LaTeX Font Info:    Redeclaring font encoding OML on input line 712.
LaTeX Font Info:    Redeclaring font encoding OMS on input line 713.
\macc@depth=\count95
\c@MaxMatrixCols=\count96
\dotsspace@=\muskip10
\c@parentequation=\count97
\dspbrk@lvl=\count98
\tag@help=\toks19
\row@=\count99
\column@=\count100
\maxfields@=\count101
\andhelp@=\toks20
\eqnshift@=\dimen114
\alignsep@=\dimen115
\tagshift@=\dimen116
\tagwidth@=\dimen117
\totwidth@=\dimen118
\lineht@=\dimen119
\@envbody=\toks21
\multlinegap=\skip44
\multlinetaggap=\skip45
\mathdisplay@stack=\toks22
LaTeX Info: Redefining \[ on input line 2817.
LaTeX Info: Redefining \] on input line 2818.
)
("C:\Users\Alejandro Santorum\AppData\Local\Programs\MiKTeX 2.9\tex\latex\amscl
s\amsthm.sty"
Package: amsthm 2015/03/04 v2.20.2
\thm@style=\toks23
\thm@bodyfont=\toks24
\thm@headfont=\toks25
\thm@notefont=\toks26
\thm@headpunct=\toks27
\thm@preskip=\skip46
\thm@postskip=\skip47
\thm@headsep=\skip48
\dth@everypar=\toks28
)
("C:\Users\Alejandro Santorum\AppData\Local\Programs\MiKTeX 2.9\tex\latex\amsfo
nts\amssymb.sty"
Package: amssymb 2013/01/14 v3.01 AMS font symbols

("C:\Users\Alejandro Santorum\AppData\Local\Programs\MiKTeX 2.9\tex\latex\amsfo
nts\amsfonts.sty"
Package: amsfonts 2013/01/14 v3.01 Basic AMSFonts support
\symAMSa=\mathgroup4
\symAMSb=\mathgroup5
LaTeX Font Info:    Overwriting math alphabet `\mathfrak' in version `bold'
(Font)                  U/euf/m/n --> U/euf/b/n on input line 106.
))
("C:\Users\Alejandro Santorum\AppData\Local\Programs\MiKTeX 2.9\tex\latex\graph
ics\graphicx.sty"
Package: graphicx 2017/06/01 v1.1a Enhanced LaTeX Graphics (DPC,SPQR)

("C:\Users\Alejandro Santorum\AppData\Local\Programs\MiKTeX 2.9\tex\latex\graph
ics\graphics.sty"
Package: graphics 2017/06/25 v1.2c Standard LaTeX Graphics (DPC,SPQR)

("C:\Users\Alejandro Santorum\AppData\Local\Programs\MiKTeX 2.9\tex\latex\graph
ics\trig.sty"
Package: trig 2016/01/03 v1.10 sin cos tan (DPC)
)
("C:\Users\Alejandro Santorum\AppData\Local\Programs\MiKTeX 2.9\tex\latex\graph
ics-cfg\graphics.cfg"
File: graphics.cfg 2016/06/04 v1.11 sample graphics configuration
)
Package graphics Info: Driver file: pdftex.def on input line 99.
)
\Gin@req@height=\dimen120
\Gin@req@width=\dimen121
)
("C:\Users\Alejandro Santorum\AppData\Local\Programs\MiKTeX 2.9\tex\latex\matht
ools\mathtools.sty"
Package: mathtools 2018/01/08 v1.21 mathematical typesetting tools

("C:\Users\Alejandro Santorum\AppData\Local\Programs\MiKTeX 2.9\tex\latex\tools
\calc.sty"
Package: calc 2014/10/28 v4.3 Infix arithmetic (KKT,FJ)
\calc@Acount=\count102
\calc@Bcount=\count103
\calc@Adimen=\dimen122
\calc@Bdimen=\dimen123
\calc@Askip=\skip49
\calc@Bskip=\skip50
LaTeX Info: Redefining \setlength on input line 80.
LaTeX Info: Redefining \addtolength on input line 81.
\calc@Ccount=\count104
\calc@Cskip=\skip51
)
("C:\Users\Alejandro Santorum\AppData\Local\Programs\MiKTeX 2.9\tex\latex\matht
ools\mhsetup.sty"
Package: mhsetup 2017/03/31 v1.3 programming setup (MH)
)
LaTeX Info: Thecontrolsequence`\('isalreadyrobust on input line 129.
LaTeX Info: Thecontrolsequence`\)'isalreadyrobust on input line 129.
LaTeX Info: Thecontrolsequence`\['isalreadyrobust on input line 129.
LaTeX Info: Thecontrolsequence`\]'isalreadyrobust on input line 129.
\g_MT_multlinerow_int=\count105
\l_MT_multwidth_dim=\dimen124
\origjot=\skip52
\l_MT_shortvdotswithinadjustabove_dim=\dimen125
\l_MT_shortvdotswithinadjustbelow_dim=\dimen126
\l_MT_above_intertext_sep=\dimen127
\l_MT_below_intertext_sep=\dimen128
\l_MT_above_shortintertext_sep=\dimen129
\l_MT_below_shortintertext_sep=\dimen130
)
("C:\Users\Alejandro Santorum\AppData\Local\Programs\MiKTeX 2.9\tex\latex\pgf\f
rontendlayer\tikz.sty"
("C:\Users\Alejandro Santorum\AppData\Local\Programs\MiKTeX 2.9\tex\latex\pgf\b
asiclayer\pgf.sty"
("C:\Users\Alejandro Santorum\AppData\Local\Programs\MiKTeX 2.9\tex\latex\pgf\u
tilities\pgfrcs.sty"
("C:\Users\Alejandro Santorum\AppData\Local\Programs\MiKTeX 2.9\tex\generic\pgf
\utilities\pgfutil-common.tex"
\pgfutil@everybye=\toks29
\pgfutil@tempdima=\dimen131
\pgfutil@tempdimb=\dimen132

("C:\Users\Alejandro Santorum\AppData\Local\Programs\MiKTeX 2.9\tex\generic\pgf
\utilities\pgfutil-common-lists.tex"))
("C:\Users\Alejandro Santorum\AppData\Local\Programs\MiKTeX 2.9\tex\generic\pgf
\utilities\pgfutil-latex.def"
\pgfutil@abb=\box28

("C:\Users\Alejandro Santorum\AppData\Local\Programs\MiKTeX 2.9\tex\latex\ms\ev
eryshi.sty"
Package: everyshi 2001/05/15 v3.00 EveryShipout Package (MS)
))
("C:\Users\Alejandro Santorum\AppData\Local\Programs\MiKTeX 2.9\tex\generic\pgf
\utilities\pgfrcs.code.tex"
Package: pgfrcs 2015/08/07 v3.0.1a (rcs-revision 1.31)
))
Package: pgf 2015/08/07 v3.0.1a (rcs-revision 1.15)

("C:\Users\Alejandro Santorum\AppData\Local\Programs\MiKTeX 2.9\tex\latex\pgf\b
asiclayer\pgfcore.sty"
("C:\Users\Alejandro Santorum\AppData\Local\Programs\MiKTeX 2.9\tex\latex\pgf\s
ystemlayer\pgfsys.sty"
("C:\Users\Alejandro Santorum\AppData\Local\Programs\MiKTeX 2.9\tex\generic\pgf
\systemlayer\pgfsys.code.tex"
Package: pgfsys 2014/07/09 v3.0.1a (rcs-revision 1.48)

("C:\Users\Alejandro Santorum\AppData\Local\Programs\MiKTeX 2.9\tex\generic\pgf
\utilities\pgfkeys.code.tex"
\pgfkeys@pathtoks=\toks30
\pgfkeys@temptoks=\toks31

("C:\Users\Alejandro Santorum\AppData\Local\Programs\MiKTeX 2.9\tex\generic\pgf
\utilities\pgfkeysfiltered.code.tex"
\pgfkeys@tmptoks=\toks32
))
\pgf@x=\dimen133
\pgf@y=\dimen134
\pgf@xa=\dimen135
\pgf@ya=\dimen136
\pgf@xb=\dimen137
\pgf@yb=\dimen138
\pgf@xc=\dimen139
\pgf@yc=\dimen140
\w@pgf@writea=\write3
\r@pgf@reada=\read1
\c@pgf@counta=\count106
\c@pgf@countb=\count107
\c@pgf@countc=\count108
\c@pgf@countd=\count109
\t@pgf@toka=\toks33
\t@pgf@tokb=\toks34
\t@pgf@tokc=\toks35

("C:\Users\Alejandro Santorum\AppData\Local\Programs\MiKTeX 2.9\tex\generic\pgf
\systemlayer\pgf.cfg"
File: pgf.cfg 2008/05/14  (rcs-revision 1.7)
)
Driver file for pgf: pgfsys-pdftex.def

("C:\Users\Alejandro Santorum\AppData\Local\Programs\MiKTeX 2.9\tex\generic\pgf
\systemlayer\pgfsys-pdftex.def"
File: pgfsys-pdftex.def 2014/10/11  (rcs-revision 1.35)

("C:\Users\Alejandro Santorum\AppData\Local\Programs\MiKTeX 2.9\tex\generic\pgf
\systemlayer\pgfsys-common-pdf.def"
File: pgfsys-common-pdf.def 2013/10/10  (rcs-revision 1.13)
)))
("C:\Users\Alejandro Santorum\AppData\Local\Programs\MiKTeX 2.9\tex\generic\pgf
\systemlayer\pgfsyssoftpath.code.tex"
File: pgfsyssoftpath.code.tex 2013/09/09  (rcs-revision 1.9)
\pgfsyssoftpath@smallbuffer@items=\count110
\pgfsyssoftpath@bigbuffer@items=\count111
)
("C:\Users\Alejandro Santorum\AppData\Local\Programs\MiKTeX 2.9\tex\generic\pgf
\systemlayer\pgfsysprotocol.code.tex"
File: pgfsysprotocol.code.tex 2006/10/16  (rcs-revision 1.4)
))
("C:\Users\Alejandro Santorum\AppData\Local\Programs\MiKTeX 2.9\tex\latex\xcolo
r\xcolor.sty"
Package: xcolor 2016/05/11 v2.12 LaTeX color extensions (UK)

("C:\Users\Alejandro Santorum\AppData\Local\Programs\MiKTeX 2.9\tex\latex\graph
ics-cfg\color.cfg"
File: color.cfg 2016/01/02 v1.6 sample color configuration
)
Package xcolor Info: Driver file: pdftex.def on input line 225.
LaTeX Info: Redefining \color on input line 709.
Package xcolor Info: Model `cmy' substituted by `cmy0' on input line 1348.
Package xcolor Info: Model `hsb' substituted by `rgb' on input line 1352.
Package xcolor Info: Model `RGB' extended on input line 1364.
Package xcolor Info: Model `HTML' substituted by `rgb' on input line 1366.
Package xcolor Info: Model `Hsb' substituted by `hsb' on input line 1367.
Package xcolor Info: Model `tHsb' substituted by `hsb' on input line 1368.
Package xcolor Info: Model `HSB' substituted by `hsb' on input line 1369.
Package xcolor Info: Model `Gray' substituted by `gray' on input line 1370.
Package xcolor Info: Model `wave' substituted by `hsb' on input line 1371.
)
("C:\Users\Alejandro Santorum\AppData\Local\Programs\MiKTeX 2.9\tex\generic\pgf
\basiclayer\pgfcore.code.tex"
Package: pgfcore 2010/04/11 v3.0.1a (rcs-revision 1.7)

("C:\Users\Alejandro Santorum\AppData\Local\Programs\MiKTeX 2.9\tex\generic\pgf
\math\pgfmath.code.tex"
("C:\Users\Alejandro Santorum\AppData\Local\Programs\MiKTeX 2.9\tex\generic\pgf
\math\pgfmathcalc.code.tex"
("C:\Users\Alejandro Santorum\AppData\Local\Programs\MiKTeX 2.9\tex\generic\pgf
\math\pgfmathutil.code.tex")
("C:\Users\Alejandro Santorum\AppData\Local\Programs\MiKTeX 2.9\tex\generic\pgf
\math\pgfmathparser.code.tex"
\pgfmath@dimen=\dimen141
\pgfmath@count=\count112
\pgfmath@box=\box29
\pgfmath@toks=\toks36
\pgfmath@stack@operand=\toks37
\pgfmath@stack@operation=\toks38
)
("C:\Users\Alejandro Santorum\AppData\Local\Programs\MiKTeX 2.9\tex\generic\pgf
\math\pgfmathfunctions.code.tex"
("C:\Users\Alejandro Santorum\AppData\Local\Programs\MiKTeX 2.9\tex\generic\pgf
\math\pgfmathfunctions.basic.code.tex")
("C:\Users\Alejandro Santorum\AppData\Local\Programs\MiKTeX 2.9\tex\generic\pgf
\math\pgfmathfunctions.trigonometric.code.tex")
("C:\Users\Alejandro Santorum\AppData\Local\Programs\MiKTeX 2.9\tex\generic\pgf
\math\pgfmathfunctions.random.code.tex")
("C:\Users\Alejandro Santorum\AppData\Local\Programs\MiKTeX 2.9\tex\generic\pgf
\math\pgfmathfunctions.comparison.code.tex")
("C:\Users\Alejandro Santorum\AppData\Local\Programs\MiKTeX 2.9\tex\generic\pgf
\math\pgfmathfunctions.base.code.tex")
("C:\Users\Alejandro Santorum\AppData\Local\Programs\MiKTeX 2.9\tex\generic\pgf
\math\pgfmathfunctions.round.code.tex")
("C:\Users\Alejandro Santorum\AppData\Local\Programs\MiKTeX 2.9\tex\generic\pgf
\math\pgfmathfunctions.misc.code.tex")
("C:\Users\Alejandro Santorum\AppData\Local\Programs\MiKTeX 2.9\tex\generic\pgf
\math\pgfmathfunctions.integerarithmetics.code.tex")))
("C:\Users\Alejandro Santorum\AppData\Local\Programs\MiKTeX 2.9\tex\generic\pgf
\math\pgfmathfloat.code.tex"
\c@pgfmathroundto@lastzeros=\count113
))
("C:\Users\Alejandro Santorum\AppData\Local\Programs\MiKTeX 2.9\tex\generic\pgf
\basiclayer\pgfcorepoints.code.tex"
File: pgfcorepoints.code.tex 2013/10/07  (rcs-revision 1.27)
\pgf@picminx=\dimen142
\pgf@picmaxx=\dimen143
\pgf@picminy=\dimen144
\pgf@picmaxy=\dimen145
\pgf@pathminx=\dimen146
\pgf@pathmaxx=\dimen147
\pgf@pathminy=\dimen148
\pgf@pathmaxy=\dimen149
\pgf@xx=\dimen150
\pgf@xy=\dimen151
\pgf@yx=\dimen152
\pgf@yy=\dimen153
\pgf@zx=\dimen154
\pgf@zy=\dimen155
)
("C:\Users\Alejandro Santorum\AppData\Local\Programs\MiKTeX 2.9\tex\generic\pgf
\basiclayer\pgfcorepathconstruct.code.tex"
File: pgfcorepathconstruct.code.tex 2013/10/07  (rcs-revision 1.29)
\pgf@path@lastx=\dimen156
\pgf@path@lasty=\dimen157
)
("C:\Users\Alejandro Santorum\AppData\Local\Programs\MiKTeX 2.9\tex\generic\pgf
\basiclayer\pgfcorepathusage.code.tex"
File: pgfcorepathusage.code.tex 2014/11/02  (rcs-revision 1.24)
\pgf@shorten@end@additional=\dimen158
\pgf@shorten@start@additional=\dimen159
)
("C:\Users\Alejandro Santorum\AppData\Local\Programs\MiKTeX 2.9\tex\generic\pgf
\basiclayer\pgfcorescopes.code.tex"
File: pgfcorescopes.code.tex 2015/05/08  (rcs-revision 1.46)
\pgfpic=\box30
\pgf@hbox=\box31
\pgf@layerbox@main=\box32
\pgf@picture@serial@count=\count114
)
("C:\Users\Alejandro Santorum\AppData\Local\Programs\MiKTeX 2.9\tex\generic\pgf
\basiclayer\pgfcoregraphicstate.code.tex"
File: pgfcoregraphicstate.code.tex 2014/11/02  (rcs-revision 1.12)
\pgflinewidth=\dimen160
)
("C:\Users\Alejandro Santorum\AppData\Local\Programs\MiKTeX 2.9\tex\generic\pgf
\basiclayer\pgfcoretransformations.code.tex"
File: pgfcoretransformations.code.tex 2015/08/07  (rcs-revision 1.20)
\pgf@pt@x=\dimen161
\pgf@pt@y=\dimen162
\pgf@pt@temp=\dimen163
)
("C:\Users\Alejandro Santorum\AppData\Local\Programs\MiKTeX 2.9\tex\generic\pgf
\basiclayer\pgfcorequick.code.tex"
File: pgfcorequick.code.tex 2008/10/09  (rcs-revision 1.3)
)
("C:\Users\Alejandro Santorum\AppData\Local\Programs\MiKTeX 2.9\tex\generic\pgf
\basiclayer\pgfcoreobjects.code.tex"
File: pgfcoreobjects.code.tex 2006/10/11  (rcs-revision 1.2)
)
("C:\Users\Alejandro Santorum\AppData\Local\Programs\MiKTeX 2.9\tex\generic\pgf
\basiclayer\pgfcorepathprocessing.code.tex"
File: pgfcorepathprocessing.code.tex 2013/09/09  (rcs-revision 1.9)
)
("C:\Users\Alejandro Santorum\AppData\Local\Programs\MiKTeX 2.9\tex\generic\pgf
\basiclayer\pgfcorearrows.code.tex"
File: pgfcorearrows.code.tex 2015/05/14  (rcs-revision 1.43)
\pgfarrowsep=\dimen164
)
("C:\Users\Alejandro Santorum\AppData\Local\Programs\MiKTeX 2.9\tex\generic\pgf
\basiclayer\pgfcoreshade.code.tex"
File: pgfcoreshade.code.tex 2013/07/15  (rcs-revision 1.15)
\pgf@max=\dimen165
\pgf@sys@shading@range@num=\count115
)
("C:\Users\Alejandro Santorum\AppData\Local\Programs\MiKTeX 2.9\tex\generic\pgf
\basiclayer\pgfcoreimage.code.tex"
File: pgfcoreimage.code.tex 2013/07/15  (rcs-revision 1.18)

("C:\Users\Alejandro Santorum\AppData\Local\Programs\MiKTeX 2.9\tex\generic\pgf
\basiclayer\pgfcoreexternal.code.tex"
File: pgfcoreexternal.code.tex 2014/07/09  (rcs-revision 1.21)
\pgfexternal@startupbox=\box33
))
("C:\Users\Alejandro Santorum\AppData\Local\Programs\MiKTeX 2.9\tex\generic\pgf
\basiclayer\pgfcorelayers.code.tex"
File: pgfcorelayers.code.tex 2013/07/18  (rcs-revision 1.7)
)
("C:\Users\Alejandro Santorum\AppData\Local\Programs\MiKTeX 2.9\tex\generic\pgf
\basiclayer\pgfcoretransparency.code.tex"
File: pgfcoretransparency.code.tex 2013/09/30  (rcs-revision 1.5)
)
("C:\Users\Alejandro Santorum\AppData\Local\Programs\MiKTeX 2.9\tex\generic\pgf
\basiclayer\pgfcorepatterns.code.tex"
File: pgfcorepatterns.code.tex 2013/11/07  (rcs-revision 1.5)
)))
("C:\Users\Alejandro Santorum\AppData\Local\Programs\MiKTeX 2.9\tex\generic\pgf
\modules\pgfmoduleshapes.code.tex"
File: pgfmoduleshapes.code.tex 2014/03/21  (rcs-revision 1.35)
\pgfnodeparttextbox=\box34
)
("C:\Users\Alejandro Santorum\AppData\Local\Programs\MiKTeX 2.9\tex\generic\pgf
\modules\pgfmoduleplot.code.tex"
File: pgfmoduleplot.code.tex 2015/08/03  (rcs-revision 1.13)
)
("C:\Users\Alejandro Santorum\AppData\Local\Programs\MiKTeX 2.9\tex\latex\pgf\c
ompatibility\pgfcomp-version-0-65.sty"
Package: pgfcomp-version-0-65 2007/07/03 v3.0.1a (rcs-revision 1.7)
\pgf@nodesepstart=\dimen166
\pgf@nodesepend=\dimen167
)
("C:\Users\Alejandro Santorum\AppData\Local\Programs\MiKTeX 2.9\tex\latex\pgf\c
ompatibility\pgfcomp-version-1-18.sty"
Package: pgfcomp-version-1-18 2007/07/23 v3.0.1a (rcs-revision 1.1)
))
("C:\Users\Alejandro Santorum\AppData\Local\Programs\MiKTeX 2.9\tex\latex\pgf\u
tilities\pgffor.sty"
("C:\Users\Alejandro Santorum\AppData\Local\Programs\MiKTeX 2.9\tex\latex\pgf\u
tilities\pgfkeys.sty"
("C:\Users\Alejandro Santorum\AppData\Local\Programs\MiKTeX 2.9\tex\generic\pgf
\utilities\pgfkeys.code.tex"))
("C:\Users\Alejandro Santorum\AppData\Local\Programs\MiKTeX 2.9\tex\latex\pgf\m
ath\pgfmath.sty"
("C:\Users\Alejandro Santorum\AppData\Local\Programs\MiKTeX 2.9\tex\generic\pgf
\math\pgfmath.code.tex"))
("C:\Users\Alejandro Santorum\AppData\Local\Programs\MiKTeX 2.9\tex\generic\pgf
\utilities\pgffor.code.tex"
Package: pgffor 2013/12/13 v3.0.1a (rcs-revision 1.25)

("C:\Users\Alejandro Santorum\AppData\Local\Programs\MiKTeX 2.9\tex\generic\pgf
\math\pgfmath.code.tex")
\pgffor@iter=\dimen168
\pgffor@skip=\dimen169
\pgffor@stack=\toks39
\pgffor@toks=\toks40
))
("C:\Users\Alejandro Santorum\AppData\Local\Programs\MiKTeX 2.9\tex\generic\pgf
\frontendlayer\tikz\tikz.code.tex"
Package: tikz 2015/08/07 v3.0.1a (rcs-revision 1.151)

("C:\Users\Alejandro Santorum\AppData\Local\Programs\MiKTeX 2.9\tex\generic\pgf
\libraries\pgflibraryplothandlers.code.tex"
File: pgflibraryplothandlers.code.tex 2013/08/31 v3.0.1a (rcs-revision 1.20)
\pgf@plot@mark@count=\count116
\pgfplotmarksize=\dimen170
)
\tikz@lastx=\dimen171
\tikz@lasty=\dimen172
\tikz@lastxsaved=\dimen173
\tikz@lastysaved=\dimen174
\tikzleveldistance=\dimen175
\tikzsiblingdistance=\dimen176
\tikz@figbox=\box35
\tikz@figbox@bg=\box36
\tikz@tempbox=\box37
\tikz@tempbox@bg=\box38
\tikztreelevel=\count117
\tikznumberofchildren=\count118
\tikznumberofcurrentchild=\count119
\tikz@fig@count=\count120

("C:\Users\Alejandro Santorum\AppData\Local\Programs\MiKTeX 2.9\tex\generic\pgf
\modules\pgfmodulematrix.code.tex"
File: pgfmodulematrix.code.tex 2013/09/17  (rcs-revision 1.8)
\pgfmatrixcurrentrow=\count121
\pgfmatrixcurrentcolumn=\count122
\pgf@matrix@numberofcolumns=\count123
)
\tikz@expandcount=\count124

("C:\Users\Alejandro Santorum\AppData\Local\Programs\MiKTeX 2.9\tex\generic\pgf
\frontendlayer\tikz\libraries\tikzlibrarytopaths.code.tex"
File: tikzlibrarytopaths.code.tex 2008/06/17 v3.0.1a (rcs-revision 1.2)
)))
("C:\Users\Alejandro Santorum\AppData\Local\Programs\MiKTeX 2.9\tex\latex\hyper
ref\hyperref.sty"
Package: hyperref 2017/03/14 v6.85a Hypertext links for LaTeX

("C:\Users\Alejandro Santorum\AppData\Local\Programs\MiKTeX 2.9\tex\generic\obe
rdiek\hobsub-hyperref.sty"
Package: hobsub-hyperref 2016/05/16 v1.14 Bundle oberdiek, subset hyperref (HO)


("C:\Users\Alejandro Santorum\AppData\Local\Programs\MiKTeX 2.9\tex\generic\obe
rdiek\hobsub-generic.sty"
Package: hobsub-generic 2016/05/16 v1.14 Bundle oberdiek, subset generic (HO)
Package: hobsub 2016/05/16 v1.14 Construct package bundles (HO)
Package: infwarerr 2016/05/16 v1.4 Providing info/warning/error messages (HO)
Package: ltxcmds 2016/05/16 v1.23 LaTeX kernel commands for general use (HO)
Package: ifluatex 2016/05/16 v1.4 Provides the ifluatex switch (HO)
Package ifluatex Info: LuaTeX not detected.
Package hobsub Info: Skipping package `ifvtex' (already loaded).
Package: intcalc 2016/05/16 v1.2 Expandable calculations with integers (HO)
Package hobsub Info: Skipping package `ifpdf' (already loaded).
Package: etexcmds 2016/05/16 v1.6 Avoid name clashes with e-TeX commands (HO)
Package etexcmds Info: Could not find \expanded.
(etexcmds)             That can mean that you are not using pdfTeX 1.50 or
(etexcmds)             that some package has redefined \expanded.
(etexcmds)             In the latter case, load this package earlier.
Package: kvsetkeys 2016/05/16 v1.17 Key value parser (HO)
Package: kvdefinekeys 2016/05/16 v1.4 Define keys (HO)
Package: pdftexcmds 2017/03/19 v0.25 Utility functions of pdfTeX for LuaTeX (HO
)
Package pdftexcmds Info: LuaTeX not detected.
Package pdftexcmds Info: \pdf@primitive is available.
Package pdftexcmds Info: \pdf@ifprimitive is available.
Package pdftexcmds Info: \pdfdraftmode found.
Package: pdfescape 2016/05/16 v1.14 Implements pdfTeX's escape features (HO)
Package: bigintcalc 2016/05/16 v1.4 Expandable calculations on big integers (HO
)
Package: bitset 2016/05/16 v1.2 Handle bit-vector datatype (HO)
Package: uniquecounter 2016/05/16 v1.3 Provide unlimited unique counter (HO)
)
Package hobsub Info: Skipping package `hobsub' (already loaded).
Package: letltxmacro 2016/05/16 v1.5 Let assignment for LaTeX macros (HO)
Package: hopatch 2016/05/16 v1.3 Wrapper for package hooks (HO)
Package: xcolor-patch 2016/05/16 xcolor patch
Package: atveryend 2016/05/16 v1.9 Hooks at the very end of document (HO)
Package atveryend Info: \enddocument detected (standard20110627).
Package: atbegshi 2016/06/09 v1.18 At begin shipout hook (HO)
Package: refcount 2016/05/16 v3.5 Data extraction from label references (HO)
Package: hycolor 2016/05/16 v1.8 Color options for hyperref/bookmark (HO)
)
("C:\Users\Alejandro Santorum\AppData\Local\Programs\MiKTeX 2.9\tex\latex\oberd
iek\auxhook.sty"
Package: auxhook 2016/05/16 v1.4 Hooks for auxiliary files (HO)
)
("C:\Users\Alejandro Santorum\AppData\Local\Programs\MiKTeX 2.9\tex\latex\oberd
iek\kvoptions.sty"
Package: kvoptions 2016/05/16 v3.12 Key value format for package options (HO)
)
\@linkdim=\dimen177
\Hy@linkcounter=\count125
\Hy@pagecounter=\count126

("C:\Users\Alejandro Santorum\AppData\Local\Programs\MiKTeX 2.9\tex\latex\hyper
ref\pd1enc.def"
File: pd1enc.def 2017/03/14 v6.85a Hyperref: PDFDocEncoding definition (HO)
Now handling font encoding PD1 ...
... no UTF-8 mapping file for font encoding PD1
)
\Hy@SavedSpaceFactor=\count127

("C:\Users\Alejandro Santorum\AppData\Local\Programs\MiKTeX 2.9\tex\latex\00mik
tex\hyperref.cfg"
File: hyperref.cfg 2002/06/06 v1.2 hyperref configuration of TeXLive
)
Package hyperref Info: Hyper figures OFF on input line 4498.
Package hyperref Info: Link nesting OFF on input line 4503.
Package hyperref Info: Hyper index ON on input line 4506.
Package hyperref Info: Plain pages OFF on input line 4513.
Package hyperref Info: Backreferencing OFF on input line 4518.
Package hyperref Info: Implicit mode ON; LaTeX internals redefined.
Package hyperref Info: Bookmarks ON on input line 4751.
\c@Hy@tempcnt=\count128

("C:\Users\Alejandro Santorum\AppData\Local\Programs\MiKTeX 2.9\tex\latex\url\u
rl.sty"
\Urlmuskip=\muskip11
Package: url 2013/09/16  ver 3.4  Verb mode for urls, etc.
)
LaTeX Info: Redefining \url on input line 5104.
\XeTeXLinkMargin=\dimen178
\Fld@menulength=\count129
\Field@Width=\dimen179
\Fld@charsize=\dimen180
Package hyperref Info: Hyper figures OFF on input line 6358.
Package hyperref Info: Link nesting OFF on input line 6363.
Package hyperref Info: Hyper index ON on input line 6366.
Package hyperref Info: backreferencing OFF on input line 6373.
Package hyperref Info: Link coloring OFF on input line 6378.
Package hyperref Info: Link coloring with OCG OFF on input line 6383.
Package hyperref Info: PDF/A mode OFF on input line 6388.
LaTeX Info: Redefining \ref on input line 6428.
LaTeX Info: Redefining \pageref on input line 6432.
\Hy@abspage=\count130
\c@Item=\count131
\c@Hfootnote=\count132
)

Package hyperref Message: Driver (autodetected): hpdftex.


("C:\Users\Alejandro Santorum\AppData\Local\Programs\MiKTeX 2.9\tex\latex\hyper
ref\hpdftex.def"
File: hpdftex.def 2017/03/14 v6.85a Hyperref driver for pdfTeX
\Fld@listcount=\count133
\c@bookmark@seq@number=\count134

("C:\Users\Alejandro Santorum\AppData\Local\Programs\MiKTeX 2.9\tex\latex\oberd
iek\rerunfilecheck.sty"
Package: rerunfilecheck 2016/05/16 v1.8 Rerun checks for auxiliary files (HO)
Package uniquecounter Info: New unique counter `rerunfilecheck' on input line 2
82.
)
\Hy@SectionHShift=\skip53
)
("C:\Users\Alejandro Santorum\AppData\Local\Programs\MiKTeX 2.9\tex\latex\pgfpl
ots\pgfplots.sty"
("C:\Users\Alejandro Santorum\AppData\Local\Programs\MiKTeX 2.9\tex\generic\pgf
plots\pgfplots.revision.tex")
Package: pgfplots 2017/06/05 v1.15 Data Visualization (1.15)

("C:\Users\Alejandro Santorum\AppData\Local\Programs\MiKTeX 2.9\tex\generic\pgf
plots\pgfplots.code.tex"
("C:\Users\Alejandro Santorum\AppData\Local\Programs\MiKTeX 2.9\tex\generic\pgf
plots\pgfplotscore.code.tex"
\t@pgfplots@toka=\toks41
\t@pgfplots@tokb=\toks42
\t@pgfplots@tokc=\toks43
\pgfplots@tmpa=\dimen181
\c@pgfplots@coordindex=\count135
\c@pgfplots@scanlineindex=\count136

("C:\Users\Alejandro Santorum\AppData\Local\Programs\MiKTeX 2.9\tex\generic\pgf
plots\sys\pgfplotssysgeneric.code.tex"))
("C:\Users\Alejandro Santorum\AppData\Local\Programs\MiKTeX 2.9\tex\generic\pgf
plots\libs\pgfplotslibrary.code.tex")
("C:\Users\Alejandro Santorum\AppData\Local\Programs\MiKTeX 2.9\tex\generic\pgf
plots\oldpgfcompatib\pgfplotsoldpgfsupp_loader.code.tex"
("C:\Users\Alejandro Santorum\AppData\Local\Programs\MiKTeX 2.9\tex\generic\pgf
\libraries\pgflibraryfpu.code.tex")
Package pgfplots: loading complementary arithmetics for your pgf version...

("C:\Users\Alejandro Santorum\AppData\Local\Programs\MiKTeX 2.9\tex\generic\pgf
plots\oldpgfcompatib\pgfplotsoldpgfsupp_pgflibraryfpu.code.tex")
("C:\Users\Alejandro Santorum\AppData\Local\Programs\MiKTeX 2.9\tex\generic\pgf
plots\oldpgfcompatib\pgfplotsoldpgfsupp_pgfmathfloat.code.tex"
\c@pgfmathroundto@lastzeros=\count137
))
("C:\Users\Alejandro Santorum\AppData\Local\Programs\MiKTeX 2.9\tex\generic\pgf
plots\util\pgfplotsutil.code.tex"
("C:\Users\Alejandro Santorum\AppData\Local\Programs\MiKTeX 2.9\tex\generic\pgf
plots\liststructure\pgfplotsliststructure.code.tex")
("C:\Users\Alejandro Santorum\AppData\Local\Programs\MiKTeX 2.9\tex\generic\pgf
plots\liststructure\pgfplotsliststructureext.code.tex")
("C:\Users\Alejandro Santorum\AppData\Local\Programs\MiKTeX 2.9\tex\generic\pgf
plots\liststructure\pgfplotsarray.code.tex"
\c@pgfplotsarray@tmp=\count138
)
("C:\Users\Alejandro Santorum\AppData\Local\Programs\MiKTeX 2.9\tex\generic\pgf
plots\liststructure\pgfplotsmatrix.code.tex")
("C:\Users\Alejandro Santorum\AppData\Local\Programs\MiKTeX 2.9\tex\generic\pgf
plots\numtable\pgfplotstableshared.code.tex"
\c@pgfplotstable@counta=\count139
\t@pgfplotstable@a=\toks44
)
("C:\Users\Alejandro Santorum\AppData\Local\Programs\MiKTeX 2.9\tex\generic\pgf
plots\liststructure\pgfplotsdeque.code.tex")
("C:\Users\Alejandro Santorum\AppData\Local\Programs\MiKTeX 2.9\tex\generic\pgf
plots\util\pgfplotsbinary.code.tex"
("C:\Users\Alejandro Santorum\AppData\Local\Programs\MiKTeX 2.9\tex\generic\pgf
plots\util\pgfplotsbinary.data.code.tex"))
("C:\Users\Alejandro Santorum\AppData\Local\Programs\MiKTeX 2.9\tex\generic\pgf
plots\util\pgfplotsutil.verb.code.tex")
("C:\Users\Alejandro Santorum\AppData\Local\Programs\MiKTeX 2.9\tex\generic\pgf
plots\libs\pgflibrarypgfplots.surfshading.code.tex"
\c@pgfplotslibrarysurf@no=\count140

("C:\Users\Alejandro Santorum\AppData\Local\Programs\MiKTeX 2.9\tex\generic\pgf
plots\sys\pgflibrarypgfplots.surfshading.pgfsys-pdftex.def")))
("C:\Users\Alejandro Santorum\AppData\Local\Programs\MiKTeX 2.9\tex\generic\pgf
plots\util\pgfplotscolormap.code.tex"
("C:\Users\Alejandro Santorum\AppData\Local\Programs\MiKTeX 2.9\tex\generic\pgf
plots\util\pgfplotscolor.code.tex"))
("C:\Users\Alejandro Santorum\AppData\Local\Programs\MiKTeX 2.9\tex\generic\pgf
plots\pgfplotsstackedplots.code.tex")
("C:\Users\Alejandro Santorum\AppData\Local\Programs\MiKTeX 2.9\tex\generic\pgf
plots\pgfplotsplothandlers.code.tex"
("C:\Users\Alejandro Santorum\AppData\Local\Programs\MiKTeX 2.9\tex\generic\pgf
plots\pgfplotsmeshplothandler.code.tex"
("C:\Users\Alejandro Santorum\AppData\Local\Programs\MiKTeX 2.9\tex\generic\pgf
plots\pgfplotsmeshplotimage.code.tex")))
("C:\Users\Alejandro Santorum\AppData\Local\Programs\MiKTeX 2.9\tex\generic\pgf
plots\pgfplots.scaling.code.tex")
("C:\Users\Alejandro Santorum\AppData\Local\Programs\MiKTeX 2.9\tex\generic\pgf
plots\pgfplotscoordprocessing.code.tex")
("C:\Users\Alejandro Santorum\AppData\Local\Programs\MiKTeX 2.9\tex\generic\pgf
plots\pgfplots.errorbars.code.tex")
("C:\Users\Alejandro Santorum\AppData\Local\Programs\MiKTeX 2.9\tex\generic\pgf
plots\pgfplots.markers.code.tex")
("C:\Users\Alejandro Santorum\AppData\Local\Programs\MiKTeX 2.9\tex\generic\pgf
plots\pgfplotsticks.code.tex")
("C:\Users\Alejandro Santorum\AppData\Local\Programs\MiKTeX 2.9\tex\generic\pgf
plots\pgfplots.paths.code.tex")
("C:\Users\Alejandro Santorum\AppData\Local\Programs\MiKTeX 2.9\tex\generic\pgf
\frontendlayer\tikz\libraries\tikzlibrarydecorations.code.tex"
("C:\Users\Alejandro Santorum\AppData\Local\Programs\MiKTeX 2.9\tex\generic\pgf
\modules\pgfmoduledecorations.code.tex"
\pgfdecoratedcompleteddistance=\dimen182
\pgfdecoratedremainingdistance=\dimen183
\pgfdecoratedinputsegmentcompleteddistance=\dimen184
\pgfdecoratedinputsegmentremainingdistance=\dimen185
\pgf@decorate@distancetomove=\dimen186
\pgf@decorate@repeatstate=\count141
\pgfdecorationsegmentamplitude=\dimen187
\pgfdecorationsegmentlength=\dimen188
)
\tikz@lib@dec@box=\box39
)
("C:\Users\Alejandro Santorum\AppData\Local\Programs\MiKTeX 2.9\tex\generic\pgf
\frontendlayer\tikz\libraries\tikzlibrarydecorations.pathmorphing.code.tex"
("C:\Users\Alejandro Santorum\AppData\Local\Programs\MiKTeX 2.9\tex\generic\pgf
\libraries\decorations\pgflibrarydecorations.pathmorphing.code.tex"))
("C:\Users\Alejandro Santorum\AppData\Local\Programs\MiKTeX 2.9\tex\generic\pgf
\frontendlayer\tikz\libraries\tikzlibrarydecorations.pathreplacing.code.tex"
("C:\Users\Alejandro Santorum\AppData\Local\Programs\MiKTeX 2.9\tex\generic\pgf
\libraries\decorations\pgflibrarydecorations.pathreplacing.code.tex"))
\pgfplots@numplots=\count142
\pgfplots@xmin@reg=\dimen189
\pgfplots@xmax@reg=\dimen190
\pgfplots@ymin@reg=\dimen191
\pgfplots@ymax@reg=\dimen192
\pgfplots@zmin@reg=\dimen193
\pgfplots@zmax@reg=\dimen194
)
("C:\Users\Alejandro Santorum\AppData\Local\Programs\MiKTeX 2.9\tex\generic\pgf
\frontendlayer\tikz\libraries\tikzlibraryplotmarks.code.tex"
File: tikzlibraryplotmarks.code.tex 2008/01/09 v3.0.1a (rcs-revision 1.1)

("C:\Users\Alejandro Santorum\AppData\Local\Programs\MiKTeX 2.9\tex\generic\pgf
\libraries\pgflibraryplotmarks.code.tex"
File: pgflibraryplotmarks.code.tex 2015/08/03 v3.0.1a (rcs-revision 1.14)
)))
("C:\Users\Alejandro Santorum\AppData\Local\Programs\MiKTeX 2.9\tex\latex\listi
ngs\listings.sty"
\lst@mode=\count143
\lst@gtempboxa=\box40
\lst@token=\toks45
\lst@length=\count144
\lst@currlwidth=\dimen195
\lst@column=\count145
\lst@pos=\count146
\lst@lostspace=\dimen196
\lst@width=\dimen197
\lst@newlines=\count147
\lst@lineno=\count148
\lst@maxwidth=\dimen198

("C:\Users\Alejandro Santorum\AppData\Local\Programs\MiKTeX 2.9\tex\latex\listi
ngs\lstmisc.sty"
File: lstmisc.sty 2015/06/04 1.6 (Carsten Heinz)
\c@lstnumber=\count149
\lst@skipnumbers=\count150
\lst@framebox=\box41
)
("C:\Users\Alejandro Santorum\AppData\Local\Programs\MiKTeX 2.9\tex\latex\listi
ngs\listings.cfg"
File: listings.cfg 2015/06/04 1.6 listings configuration
))
Package: listings 2015/06/04 1.6 (Carsten Heinz)

("C:\Users\Alejandro Santorum\AppData\Local\Programs\MiKTeX 2.9\tex\latex\pdfpa
ges\pdfpages.sty"
Package: pdfpages 2017/10/31 v0.5l Insert pages of external PDF documents (AM)

("C:\Users\Alejandro Santorum\AppData\Local\Programs\MiKTeX 2.9\tex\latex\base\
ifthen.sty"
Package: ifthen 2014/09/29 v1.1c Standard LaTeX ifthen package (DPC)
)
("C:\Users\Alejandro Santorum\AppData\Local\Programs\MiKTeX 2.9\tex\latex\eso-p
ic\eso-pic.sty"
Package: eso-pic 2015/07/21 v2.0g eso-pic (RN)
)
\AM@pagewidth=\dimen199
\AM@pageheight=\dimen256

("C:\Users\Alejandro Santorum\AppData\Local\Programs\MiKTeX 2.9\tex\latex\pdfpa
ges\pppdftex.def"
File: pppdftex.def 2017/10/31 v0.5l Pdfpages driver for pdfTeX (AM)
)
\AM@pagebox=\box42
\AM@global@opts=\toks46
\AM@toc@title=\toks47
\c@AM@survey=\count151
\AM@templatesizebox=\box43
)
("C:\Users\Alejandro Santorum\AppData\Local\Programs\MiKTeX 2.9\tex\generic\pgf
\frontendlayer\tikz\libraries\tikzlibrarypositioning.code.tex"
File: tikzlibrarypositioning.code.tex 2008/10/06 v3.0.1a (rcs-revision 1.7)
)
Package hyperref Info: Option `colorlinks' set `true' on input line 41.
 (P2Report.aux)
\openout1 = `P2Report.aux'.

LaTeX Font Info:    Checking defaults for OML/cmm/m/it on input line 60.
LaTeX Font Info:    ... okay on input line 60.
LaTeX Font Info:    Checking defaults for T1/cmr/m/n on input line 60.
LaTeX Font Info:    ... okay on input line 60.
LaTeX Font Info:    Checking defaults for OT1/cmr/m/n on input line 60.
LaTeX Font Info:    ... okay on input line 60.
LaTeX Font Info:    Checking defaults for OMS/cmsy/m/n on input line 60.
LaTeX Font Info:    ... okay on input line 60.
LaTeX Font Info:    Checking defaults for OMX/cmex/m/n on input line 60.
LaTeX Font Info:    ... okay on input line 60.
LaTeX Font Info:    Checking defaults for U/cmr/m/n on input line 60.
LaTeX Font Info:    ... okay on input line 60.
LaTeX Font Info:    Checking defaults for PD1/pdf/m/n on input line 60.
LaTeX Font Info:    ... okay on input line 60.

("C:\Users\Alejandro Santorum\AppData\Local\Programs\MiKTeX 2.9\tex\context\bas
e\supp-pdf.mkii"
[Loading MPS to PDF converter (version 2006.09.02).]
\scratchcounter=\count152
\scratchdimen=\dimen257
\scratchbox=\box44
\nofMPsegments=\count153
\nofMParguments=\count154
\everyMPshowfont=\toks48
\MPscratchCnt=\count155
\MPscratchDim=\dimen258
\MPnumerator=\count156
\makeMPintoPDFobject=\count157
\everyMPtoPDFconversion=\toks49
)
("C:\Users\Alejandro Santorum\AppData\Local\Programs\MiKTeX 2.9\tex\latex\oberd
iek\epstopdf-base.sty"
Package: epstopdf-base 2016/05/15 v2.6 Base part for package epstopdf

("C:\Users\Alejandro Santorum\AppData\Local\Programs\MiKTeX 2.9\tex\latex\oberd
iek\grfext.sty"
Package: grfext 2016/05/16 v1.2 Manage graphics extensions (HO)
)
Package epstopdf-base Info: Redefining graphics rule for `.eps' on input line 4
38.
Package grfext Info: Graphics extension search list:
(grfext)             [.pdf,.png,.jpg,.mps,.jpeg,.jbig2,.jb2,.PDF,.PNG,.JPG,.JPE
G,.JBIG2,.JB2,.eps]
(grfext)             \AppendGraphicsExtensions on input line 456.
)
*geometry* driver: auto-detecting
*geometry* detected driver: pdftex
*geometry* verbose mode - [ preamble ] result:
* driver: pdftex
* paper: <default>
* layout: <same size as paper>
* layoutoffset:(h,v)=(0.0pt,0.0pt)
* modes: 
* h-part:(L,W,R)=(72.26999pt, 469.75502pt, 72.26999pt)
* v-part:(T,H,B)=(72.26999pt, 650.43001pt, 72.26999pt)
* \paperwidth=614.295pt
* \paperheight=794.96999pt
* \textwidth=469.75502pt
* \textheight=650.43001pt
* \oddsidemargin=0.0pt
* \evensidemargin=0.0pt
* \topmargin=-37.0pt
* \headheight=12.0pt
* \headsep=25.0pt
* \topskip=12.0pt
* \footskip=30.0pt
* \marginparwidth=44.0pt
* \marginparsep=10.0pt
* \columnsep=10.0pt
* \skip\footins=10.8pt plus 4.0pt minus 2.0pt
* \hoffset=0.0pt
* \voffset=0.0pt
* \mag=1000
* \@twocolumnfalse
* \@twosidefalse
* \@mparswitchfalse
* \@reversemarginfalse
* (1in=72.27pt=25.4mm, 1cm=28.453pt)

ABD: EveryShipout initializing macros
\AtBeginShipoutBox=\box45
Package hyperref Info: Link coloring ON on input line 60.

("C:\Users\Alejandro Santorum\AppData\Local\Programs\MiKTeX 2.9\tex\latex\hyper
ref\nameref.sty"
Package: nameref 2016/05/21 v2.44 Cross-referencing by name of section

("C:\Users\Alejandro Santorum\AppData\Local\Programs\MiKTeX 2.9\tex\generic\obe
rdiek\gettitlestring.sty"
Package: gettitlestring 2016/05/16 v1.5 Cleanup title references (HO)
)
\c@section@level=\count158
)
LaTeX Info: Redefining \ref on input line 60.
LaTeX Info: Redefining \pageref on input line 60.
LaTeX Info: Redefining \nameref on input line 60.
 (P2Report.out) (P2Report.out)
\@outlinefile=\write4
\openout4 = `P2Report.out'.



Package pgfplots Warning: running in backwards compatibility mode (unsuitable t
ick labels; missing features). Consider writing \pgfplotsset{compat=1.15} into 
your preamble.
 on input line 60.

\c@lstlisting=\count159

("C:\Users\Alejandro Santorum\AppData\Local\Programs\MiKTeX 2.9\tex\latex\oberd
iek\pdflscape.sty"
Package: pdflscape 2016/05/14 v0.11 Display of landscape pages in PDF (HO)

("C:\Users\Alejandro Santorum\AppData\Local\Programs\MiKTeX 2.9\tex\latex\graph
ics\lscape.sty"
Package: lscape 2000/10/22 v3.01 Landscape Pages (DPC)
)
Package pdflscape Info: Auto-detected driver: pdftex on input line 81.
)
LaTeX Font Info:    Try loading font information for U+msa on input line 67.

("C:\Users\Alejandro Santorum\AppData\Local\Programs\MiKTeX 2.9\tex\latex\amsfo
nts\umsa.fd"
File: umsa.fd 2013/01/14 v3.01 AMS symbols A
)
LaTeX Font Info:    Try loading font information for U+msb on input line 67.

("C:\Users\Alejandro Santorum\AppData\Local\Programs\MiKTeX 2.9\tex\latex\amsfo
nts\umsb.fd"
File: umsb.fd 2013/01/14 v3.01 AMS symbols B
) (P2Report.toc)
\tf@toc=\write5
\openout5 = `P2Report.toc'.

 [1

{C:/Users/Alejandro Santorum/AppData/Local/MiKTeX/2.9/pdftex/config/pdftex.map}
]
Underfull \hbox (badness 10000) in paragraph at lines 73--75

 []


Underfull \hbox (badness 10000) in paragraph at lines 78--79

 []

<states2.PNG, id=64, 415.5525pt x 375.27704pt>
File: states2.PNG Graphic file (type png)
<use states2.PNG>
Package pdftex.def Info: states2.PNG  used on input line 85. on input line 85.
Package pdftex.def Info: Requested size: 332.44244pt x 300.22203pt on input lin
e 85.

Underfull \hbox (badness 10000) in paragraph at lines 87--92

 []


Underfull \hbox (badness 10000) in paragraph at lines 87--92

 []


Underfull \hbox (badness 10000) in paragraph at lines 87--92

 []


Underfull \hbox (badness 10000) in paragraph at lines 87--92

 []

[2 <./states2.PNG>]
<states1.PNG, id=71, 418.56375pt x 257.83829pt>
File: states1.PNG Graphic file (type png)
<use states1.PNG>
Package pdftex.def Info: states1.PNG  used on input line 96. on input line 96.
Package pdftex.def Info: Requested size: 418.56271pt x 257.83765pt on input lin
e 96.

Underfull \hbox (badness 10000) in paragraph at lines 98--100

 []

[3 <./states1.PNG>]
<sequence2.PNG, id=77, 426.09187pt x 376.02985pt>
File: sequence2.PNG Graphic file (type png)
<use sequence2.PNG>
Package pdftex.def Info: sequence2.PNG  used on input line 105. on input line 1
05.
Package pdftex.def Info: Requested size: 426.09082pt x 376.02892pt on input lin
e 105.
 [4 <./sequence2.PNG>]
<sequence1.PNG, id=83, 512.66531pt x 376.02985pt>
File: sequence1.PNG Graphic file (type png)
<use sequence1.PNG>
Package pdftex.def Info: sequence1.PNG  used on input line 112. on input line 1
12.
Package pdftex.def Info: Requested size: 512.66405pt x 376.02892pt on input lin
e 112.

Overfull \hbox (42.90903pt too wide) in paragraph at lines 112--113
 [] 
 []


Underfull \hbox (badness 10000) in paragraph at lines 117--121

 []


Underfull \hbox (badness 10000) in paragraph at lines 117--121

 []


Underfull \hbox (badness 10000) in paragraph at lines 117--121

 []

[5 <./sequence1.PNG>] [6]
Package atveryend Info: Empty hook `BeforeClearDocument' on input line 125.
Package atveryend Info: Empty hook `AfterLastShipout' on input line 125.
 (P2Report.aux)
Package atveryend Info: Executing hook `AtVeryEndDocument' on input line 125.
Package atveryend Info: Executing hook `AtEndAfterFileList' on input line 125.
Package rerunfilecheck Info: File `P2Report.out' has not changed.
(rerunfilecheck)             Checksum: F6349BE38BF4F9AFF7707A519DCC6B1F;623.
Package atveryend Info: Empty hook `AtVeryVeryEnd' on input line 125.
 ) 
Here is how much of TeX's memory you used:
 28886 strings out of 493312
 686492 string characters out of 3124169
 874025 words of memory out of 3000000
 31939 multiletter control sequences out of 15000+200000
 12710 words of font info for 49 fonts, out of 3000000 for 9000
 1141 hyphenation exceptions out of 8191
 62i,6n,96p,735b,609s stack positions out of 5000i,500n,10000p,200000b,50000s
<C:/Users/Alejandro Santorum/AppData/Local/Programs/MiKTeX 2.9/fonts/type1/pu
blic/amsfonts/cm/cmbx12.pfb><C:/Users/Alejandro Santorum/AppData/Local/Programs
/MiKTeX 2.9/fonts/type1/public/amsfonts/cm/cmr12.pfb>
Output written on P2Report.pdf (6 pages, 830432 bytes).
PDF statistics:
 106 PDF objects out of 1000 (max. 8388607)
 18 named destinations out of 1000 (max. 500000)
 113 words of extra memory for PDF output out of 10000 (max. 10000000)

