2020-04-13 21:33:58,465 INFO o.a.j.u.JMeterUtils: Setting Locale to es_ES
2020-04-13 21:33:58,479 INFO o.a.j.u.JMeterUtils: Could not find resources for 'es_ES', using 'es'
2020-04-13 21:33:58,479 INFO o.a.j.JMeter: Loading user properties from: /home/lletfrix/apache-jmeter-5.2.1/bin/user.properties
2020-04-13 21:33:58,479 INFO o.a.j.JMeter: Loading system properties from: /home/lletfrix/apache-jmeter-5.2.1/bin/system.properties
2020-04-13 21:33:58,480 INFO o.a.j.JMeter: Copyright (c) 1998-2019 The Apache Software Foundation
2020-04-13 21:33:58,480 INFO o.a.j.JMeter: Version 5.2.1
2020-04-13 21:33:58,481 INFO o.a.j.JMeter: java.version=1.8.0_242
2020-04-13 21:33:58,481 INFO o.a.j.JMeter: java.vm.name=OpenJDK 64-Bit Server VM
2020-04-13 21:33:58,481 INFO o.a.j.JMeter: os.name=Linux
2020-04-13 21:33:58,481 INFO o.a.j.JMeter: os.arch=amd64
2020-04-13 21:33:58,481 INFO o.a.j.JMeter: os.version=5.0.0-37-generic
2020-04-13 21:33:58,481 INFO o.a.j.JMeter: file.encoding=UTF-8
2020-04-13 21:33:58,481 INFO o.a.j.JMeter: java.awt.headless=null
2020-04-13 21:33:58,481 INFO o.a.j.JMeter: Max memory     =3715629056
2020-04-13 21:33:58,481 INFO o.a.j.JMeter: Available Processors =8
2020-04-13 21:33:58,486 INFO o.a.j.JMeter: Default Locale=espa単ol (Espa単a)
2020-04-13 21:33:58,487 INFO o.a.j.JMeter: JMeter  Locale=espa単ol (Espa単a)
2020-04-13 21:33:58,487 INFO o.a.j.JMeter: JMeterHome=/home/lletfrix/apache-jmeter-5.2.1
2020-04-13 21:33:58,487 INFO o.a.j.JMeter: user.dir  =/home/lletfrix/Documentos/SI2_2019_2020/2p
2020-04-13 21:33:58,487 INFO o.a.j.JMeter: PWD       =/home/lletfrix/Documentos/SI2_2019_2020/2p
2020-04-13 21:33:58,487 INFO o.a.j.JMeter: IP: 127.0.1.1 Name: ps42 FullName: ps42
2020-04-13 21:33:58,672 INFO o.a.j.g.a.LookAndFeelCommand: Installing Darcula LAF
2020-04-13 21:33:58,699 INFO o.a.j.g.a.LookAndFeelCommand: Using look and feel: com.bulenkov.darcula.DarculaLaf [Darcula]
2020-04-13 21:33:58,699 INFO o.a.j.JMeter: Setting LAF to: com.bulenkov.darcula.DarculaLaf
2020-04-13 21:33:58,741 INFO o.a.j.JMeter: Loaded icon properties from org/apache/jmeter/images/icon.properties
2020-04-13 21:34:00,106 INFO o.a.j.p.h.s.HTTPSamplerBase: Parser for text/html is org.apache.jmeter.protocol.http.parser.LagartoBasedHtmlParser
2020-04-13 21:34:00,106 INFO o.a.j.p.h.s.HTTPSamplerBase: Parser for application/xhtml+xml is org.apache.jmeter.protocol.http.parser.LagartoBasedHtmlParser
2020-04-13 21:34:00,107 INFO o.a.j.p.h.s.HTTPSamplerBase: Parser for application/xml is org.apache.jmeter.protocol.http.parser.LagartoBasedHtmlParser
2020-04-13 21:34:00,107 INFO o.a.j.p.h.s.HTTPSamplerBase: Parser for text/xml is org.apache.jmeter.protocol.http.parser.LagartoBasedHtmlParser
2020-04-13 21:34:00,107 INFO o.a.j.p.h.s.HTTPSamplerBase: Parser for text/vnd.wap.wml is org.apache.jmeter.protocol.http.parser.RegexpHTMLParser
2020-04-13 21:34:00,107 INFO o.a.j.p.h.s.HTTPSamplerBase: Parser for text/css is org.apache.jmeter.protocol.http.parser.CssParser
2020-04-13 21:34:00,391 INFO o.a.j.e.KeyToolUtils: keytool found at 'keytool'
2020-04-13 21:34:00,392 INFO o.a.j.p.h.p.ProxyControl: HTTP(S) Test Script Recorder SSL Proxy will use keys that support embedded 3rd party resources in file /home/lletfrix/apache-jmeter-5.2.1/bin/proxyserver.jks
2020-04-13 21:34:00,504 INFO o.a.j.s.FileServer: Default base='/home/lletfrix/Documentos/SI2_2019_2020/2p'
2020-04-13 21:34:00,767 INFO o.a.j.s.SampleResult: Note: Sample TimeStamps are START times
2020-04-13 21:34:00,767 INFO o.a.j.s.SampleResult: sampleresult.default.encoding is set to ISO-8859-1
2020-04-13 21:34:00,767 INFO o.a.j.s.SampleResult: sampleresult.useNanoTime=true
2020-04-13 21:34:00,767 INFO o.a.j.s.SampleResult: sampleresult.nanoThreadSleep=5000
2020-04-13 21:34:00,783 INFO o.a.j.v.ViewResultsFullVisualizer: Add JavaFX to your Java installation if you want to use renderer: org.apache.jmeter.visualizers.RenderInBrowser
2020-04-13 21:34:27,571 INFO o.a.j.s.SaveService: Testplan (JMX) version: 2.2. Testlog (JTL) version: 2.2
2020-04-13 21:34:27,576 INFO o.a.j.s.SaveService: Using SaveService properties file encoding UTF-8
2020-04-13 21:34:27,577 INFO o.a.j.s.SaveService: Using SaveService properties version 5.0
2020-04-13 21:34:27,582 INFO o.a.j.s.SampleEvent: List of sample_variables: []
